2014-06-02 14:45:49 Error: [MissingControllerException] Controller class CssController could not be found.
Exception Attributes: array (
  'class' => 'CssController',
  'plugin' => NULL,
)
Request URL: /css/cake.generic.css
Stack Trace:
#0 /Users/asmt3/Sites/clients/hunstantontown/explorehunstanton/app/webroot/index.php(108): Dispatcher->dispatch(Object(CakeRequest), Object(CakeResponse))
#1 /Users/asmt3/Sites/clients/hunstantontown/explorehunstanton/index.php(41): require('/Users/asmt3/Si...')
#2 {main}
2014-06-02 14:45:49 Error: [MissingControllerException] Controller class ImgController could not be found.
Exception Attributes: array (
  'class' => 'ImgController',
  'plugin' => NULL,
)
Request URL: /img/cake.power.gif
Stack Trace:
#0 /Users/asmt3/Sites/clients/hunstantontown/explorehunstanton/app/webroot/index.php(108): Dispatcher->dispatch(Object(CakeRequest), Object(CakeResponse))
#1 /Users/asmt3/Sites/clients/hunstantontown/explorehunstanton/index.php(41): require('/Users/asmt3/Si...')
#2 {main}
2014-06-02 14:46:10 Error: [MissingControllerException] Controller class CssController could not be found.
Exception Attributes: array (
  'class' => 'CssController',
  'plugin' => NULL,
)
Request URL: /css/cake.generic.css
Stack Trace:
#0 /Users/asmt3/Sites/clients/hunstantontown/explorehunstanton/app/webroot/index.php(108): Dispatcher->dispatch(Object(CakeRequest), Object(CakeResponse))
#1 /Users/asmt3/Sites/clients/hunstantontown/explorehunstanton/index.php(41): require('/Users/asmt3/Si...')
#2 {main}
2014-06-02 14:46:10 Error: [MissingControllerException] Controller class ImgController could not be found.
Exception Attributes: array (
  'class' => 'ImgController',
  'plugin' => NULL,
)
Request URL: /img/cake.power.gif
Stack Trace:
#0 /Users/asmt3/Sites/clients/hunstantontown/explorehunstanton/app/webroot/index.php(108): Dispatcher->dispatch(Object(CakeRequest), Object(CakeResponse))
#1 /Users/asmt3/Sites/clients/hunstantontown/explorehunstanton/index.php(41): require('/Users/asmt3/Si...')
#2 {main}
2014-06-02 14:46:13 Error: [MissingControllerException] Controller class ImgController could not be found.
Exception Attributes: array (
  'class' => 'ImgController',
  'plugin' => NULL,
)
Request URL: /img/cake.power.gif
Stack Trace:
#0 /Users/asmt3/Sites/clients/hunstantontown/explorehunstanton/app/webroot/index.php(108): Dispatcher->dispatch(Object(CakeRequest), Object(CakeResponse))
#1 /Users/asmt3/Sites/clients/hunstantontown/explorehunstanton/index.php(41): require('/Users/asmt3/Si...')
#2 {main}
2014-06-02 14:46:13 Error: [MissingControllerException] Controller class CssController could not be found.
Exception Attributes: array (
  'class' => 'CssController',
  'plugin' => NULL,
)
Request URL: /css/cake.generic.css
Stack Trace:
#0 /Users/asmt3/Sites/clients/hunstantontown/explorehunstanton/app/webroot/index.php(108): Dispatcher->dispatch(Object(CakeRequest), Object(CakeResponse))
#1 /Users/asmt3/Sites/clients/hunstantontown/explorehunstanton/index.php(41): require('/Users/asmt3/Si...')
#2 {main}
2014-06-02 14:50:15 Error: [MissingControllerException] Controller class CssController could not be found.
Exception Attributes: array (
  'class' => 'CssController',
  'plugin' => NULL,
)
Request URL: /css/normalize.css
Stack Trace:
#0 /Users/asmt3/Sites/clients/hunstantontown/explorehunstanton/app/webroot/index.php(108): Dispatcher->dispatch(Object(CakeRequest), Object(CakeResponse))
#1 {main}
2014-06-02 14:50:15 Error: [MissingControllerException] Controller class CssController could not be found.
Exception Attributes: array (
  'class' => 'CssController',
  'plugin' => NULL,
)
Request URL: /css/main.css
Stack Trace:
#0 /Users/asmt3/Sites/clients/hunstantontown/explorehunstanton/app/webroot/index.php(108): Dispatcher->dispatch(Object(CakeRequest), Object(CakeResponse))
#1 {main}
2014-06-02 14:50:15 Error: [MissingControllerException] Controller class JsController could not be found.
Exception Attributes: array (
  'class' => 'JsController',
  'plugin' => NULL,
)
Request URL: /js/vendor/modernizr-2.6.2.min.js
Stack Trace:
#0 /Users/asmt3/Sites/clients/hunstantontown/explorehunstanton/app/webroot/index.php(108): Dispatcher->dispatch(Object(CakeRequest), Object(CakeResponse))
#1 {main}
2014-06-02 14:50:15 Error: [MissingControllerException] Controller class JsController could not be found.
Exception Attributes: array (
  'class' => 'JsController',
  'plugin' => NULL,
)
Request URL: /js/plugins.js
Stack Trace:
#0 /Users/asmt3/Sites/clients/hunstantontown/explorehunstanton/app/webroot/index.php(108): Dispatcher->dispatch(Object(CakeRequest), Object(CakeResponse))
#1 {main}
2014-06-02 14:50:15 Error: [MissingControllerException] Controller class JsController could not be found.
Exception Attributes: array (
  'class' => 'JsController',
  'plugin' => NULL,
)
Request URL: /js/main.js
Stack Trace:
#0 /Users/asmt3/Sites/clients/hunstantontown/explorehunstanton/app/webroot/index.php(108): Dispatcher->dispatch(Object(CakeRequest), Object(CakeResponse))
#1 {main}
2014-06-02 14:51:18 Error: [MissingControllerException] Controller class JsController could not be found.
Exception Attributes: array (
  'class' => 'JsController',
  'plugin' => NULL,
)
Request URL: /js/plugins.js
Stack Trace:
#0 /Users/asmt3/Sites/clients/hunstantontown/explorehunstanton/app/webroot/index.php(108): Dispatcher->dispatch(Object(CakeRequest), Object(CakeResponse))
#1 {main}
2014-06-02 14:51:18 Error: [MissingControllerException] Controller class JsController could not be found.
Exception Attributes: array (
  'class' => 'JsController',
  'plugin' => NULL,
)
Request URL: /js/main.js
Stack Trace:
#0 /Users/asmt3/Sites/clients/hunstantontown/explorehunstanton/app/webroot/index.php(108): Dispatcher->dispatch(Object(CakeRequest), Object(CakeResponse))
#1 {main}
2014-06-02 14:51:18 Error: [MissingControllerException] Controller class JsController could not be found.
Exception Attributes: array (
  'class' => 'JsController',
  'plugin' => NULL,
)
Request URL: /js/vendor/modernizr-2.6.2.min.js
Stack Trace:
#0 /Users/asmt3/Sites/clients/hunstantontown/explorehunstanton/app/webroot/index.php(108): Dispatcher->dispatch(Object(CakeRequest), Object(CakeResponse))
#1 {main}
2014-06-02 15:06:12 Error: Fatal Error (1): Call to a member function getLastSponsorId() on a non-object in [/Users/asmt3/Sites/clients/hunstantontown/explorehunstanton/app/Model/Sponsor.php, line 20]
2014-06-02 15:06:12 Error: [FatalErrorException] Call to a member function getLastSponsorId() on a non-object
Request URL: /
Stack Trace:
#0 /Users/asmt3/Sites/clients/hunstantontown/explorehunstanton/lib/Cake/Error/ErrorHandler.php(203): ErrorHandler::handleFatalError(1, 'Call to a membe...', '/Users/asmt3/Si...', 20)
#1 [internal function]: ErrorHandler::handleError(1, 'Call to a membe...', '/Users/asmt3/Si...', 20, Array)
#2 /Users/asmt3/Sites/clients/hunstantontown/explorehunstanton/lib/Cake/Core/App.php(929): call_user_func('ErrorHandler::h...', 1, 'Call to a membe...', '/Users/asmt3/Si...', 20, Array)
#3 /Users/asmt3/Sites/clients/hunstantontown/explorehunstanton/lib/Cake/Core/App.php(902): App::_checkFatalError()
#4 [internal function]: App::shutdown()
#5 {main}
2014-06-02 15:07:00 Error: [PDOException] SQLSTATE[23000]: Integrity constraint violation: 1052 Column 'created' in order clause is ambiguous
Request URL: /
Stack Trace:
#0 /Users/asmt3/Sites/clients/hunstantontown/explorehunstanton/lib/Cake/Model/Datasource/DboSource.php(458): PDOStatement->execute(Array)
#1 /Users/asmt3/Sites/clients/hunstantontown/explorehunstanton/lib/Cake/Model/Datasource/DboSource.php(424): DboSource->_execute('SELECT `Sponsor...', Array)
#2 /Users/asmt3/Sites/clients/hunstantontown/explorehunstanton/lib/Cake/Model/Datasource/DboSource.php(666): DboSource->execute('SELECT `Sponsor...', Array, Array)
#3 /Users/asmt3/Sites/clients/hunstantontown/explorehunstanton/lib/Cake/Model/Datasource/DboSource.php(1106): DboSource->fetchAll('SELECT `Sponsor...', false)
#4 /Users/asmt3/Sites/clients/hunstantontown/explorehunstanton/lib/Cake/Model/Model.php(2905): DboSource->read(Object(Sponsorhit), Array)
#5 /Users/asmt3/Sites/clients/hunstantontown/explorehunstanton/lib/Cake/Model/Model.php(2877): Model->_readDataSource('first', Array)
#6 /Users/asmt3/Sites/clients/hunstantontown/explorehunstanton/app/Model/Sponsorhit.php(47): Model->find('first', Array)
#7 /Users/asmt3/Sites/clients/hunstantontown/explorehunstanton/app/Model/Sponsor.php(22): Sponsorhit->getLastSponsorId()
#8 /Users/asmt3/Sites/clients/hunstantontown/explorehunstanton/app/Controller/HomeController.php(43): Sponsor->getSponsorOnRotation()
#9 [internal function]: HomeController->home()
#10 /Users/asmt3/Sites/clients/hunstantontown/explorehunstanton/lib/Cake/Controller/Controller.php(490): ReflectionMethod->invokeArgs(Object(HomeController), Array)
#11 /Users/asmt3/Sites/clients/hunstantontown/explorehunstanton/lib/Cake/Routing/Dispatcher.php(191): Controller->invokeAction(Object(CakeRequest))
#12 /Users/asmt3/Sites/clients/hunstantontown/explorehunstanton/lib/Cake/Routing/Dispatcher.php(165): Dispatcher->_invoke(Object(HomeController), Object(CakeRequest))
#13 /Users/asmt3/Sites/clients/hunstantontown/explorehunstanton/app/webroot/index.php(108): Dispatcher->dispatch(Object(CakeRequest), Object(CakeResponse))
#14 {main}
2014-06-02 15:07:25 Error: Fatal Error (1): Call to a member function find() on a non-object in [/Users/asmt3/Sites/clients/hunstantontown/explorehunstanton/app/Model/Sponsor.php, line 24]
2014-06-02 15:07:25 Error: [FatalErrorException] Call to a member function find() on a non-object
Request URL: /
Stack Trace:
#0 /Users/asmt3/Sites/clients/hunstantontown/explorehunstanton/lib/Cake/Error/ErrorHandler.php(203): ErrorHandler::handleFatalError(1, 'Call to a membe...', '/Users/asmt3/Si...', 24)
#1 [internal function]: ErrorHandler::handleError(1, 'Call to a membe...', '/Users/asmt3/Si...', 24, Array)
#2 /Users/asmt3/Sites/clients/hunstantontown/explorehunstanton/lib/Cake/Core/App.php(929): call_user_func('ErrorHandler::h...', 1, 'Call to a membe...', '/Users/asmt3/Si...', 24, Array)
#3 /Users/asmt3/Sites/clients/hunstantontown/explorehunstanton/lib/Cake/Core/App.php(902): App::_checkFatalError()
#4 [internal function]: App::shutdown()
#5 {main}
2014-06-02 15:07:51 Error: [MissingControllerException] Controller class JsController could not be found.
Exception Attributes: array (
  'class' => 'JsController',
  'plugin' => NULL,
)
Request URL: /js/main.js
Stack Trace:
#0 /Users/asmt3/Sites/clients/hunstantontown/explorehunstanton/app/webroot/index.php(108): Dispatcher->dispatch(Object(CakeRequest), Object(CakeResponse))
#1 {main}
2014-06-02 15:07:51 Error: [MissingControllerException] Controller class JsController could not be found.
Exception Attributes: array (
  'class' => 'JsController',
  'plugin' => NULL,
)
Request URL: /js/vendor/modernizr-2.6.2.min.js
Stack Trace:
#0 /Users/asmt3/Sites/clients/hunstantontown/explorehunstanton/app/webroot/index.php(108): Dispatcher->dispatch(Object(CakeRequest), Object(CakeResponse))
#1 {main}
2014-06-02 15:07:51 Error: [MissingControllerException] Controller class JsController could not be found.
Exception Attributes: array (
  'class' => 'JsController',
  'plugin' => NULL,
)
Request URL: /js/plugins.js
Stack Trace:
#0 /Users/asmt3/Sites/clients/hunstantontown/explorehunstanton/app/webroot/index.php(108): Dispatcher->dispatch(Object(CakeRequest), Object(CakeResponse))
#1 {main}
2014-06-02 15:08:32 Error: [MissingControllerException] Controller class JsController could not be found.
Exception Attributes: array (
  'class' => 'JsController',
  'plugin' => NULL,
)
Request URL: /js/main.js
Stack Trace:
#0 /Users/asmt3/Sites/clients/hunstantontown/explorehunstanton/app/webroot/index.php(108): Dispatcher->dispatch(Object(CakeRequest), Object(CakeResponse))
#1 {main}
2014-06-02 15:08:32 Error: [MissingControllerException] Controller class JsController could not be found.
Exception Attributes: array (
  'class' => 'JsController',
  'plugin' => NULL,
)
Request URL: /js/plugins.js
Stack Trace:
#0 /Users/asmt3/Sites/clients/hunstantontown/explorehunstanton/app/webroot/index.php(108): Dispatcher->dispatch(Object(CakeRequest), Object(CakeResponse))
#1 {main}
2014-06-02 15:08:32 Error: [MissingControllerException] Controller class JsController could not be found.
Exception Attributes: array (
  'class' => 'JsController',
  'plugin' => NULL,
)
Request URL: /js/vendor/modernizr-2.6.2.min.js
Stack Trace:
#0 /Users/asmt3/Sites/clients/hunstantontown/explorehunstanton/app/webroot/index.php(108): Dispatcher->dispatch(Object(CakeRequest), Object(CakeResponse))
#1 {main}
2014-06-02 15:08:44 Error: [MissingControllerException] Controller class JsController could not be found.
Exception Attributes: array (
  'class' => 'JsController',
  'plugin' => NULL,
)
Request URL: /js/vendor/modernizr-2.6.2.min.js
Stack Trace:
#0 /Users/asmt3/Sites/clients/hunstantontown/explorehunstanton/app/webroot/index.php(108): Dispatcher->dispatch(Object(CakeRequest), Object(CakeResponse))
#1 {main}
2014-06-02 15:08:44 Error: [MissingControllerException] Controller class JsController could not be found.
Exception Attributes: array (
  'class' => 'JsController',
  'plugin' => NULL,
)
Request URL: /js/main.js
Stack Trace:
#0 /Users/asmt3/Sites/clients/hunstantontown/explorehunstanton/app/webroot/index.php(108): Dispatcher->dispatch(Object(CakeRequest), Object(CakeResponse))
#1 {main}
2014-06-02 15:08:44 Error: [MissingControllerException] Controller class JsController could not be found.
Exception Attributes: array (
  'class' => 'JsController',
  'plugin' => NULL,
)
Request URL: /js/plugins.js
Stack Trace:
#0 /Users/asmt3/Sites/clients/hunstantontown/explorehunstanton/app/webroot/index.php(108): Dispatcher->dispatch(Object(CakeRequest), Object(CakeResponse))
#1 {main}
2014-06-02 15:08:48 Error: [MissingControllerException] Controller class JsController could not be found.
Exception Attributes: array (
  'class' => 'JsController',
  'plugin' => NULL,
)
Request URL: /js/main.js
Stack Trace:
#0 /Users/asmt3/Sites/clients/hunstantontown/explorehunstanton/app/webroot/index.php(108): Dispatcher->dispatch(Object(CakeRequest), Object(CakeResponse))
#1 {main}
2014-06-02 15:08:48 Error: [MissingControllerException] Controller class JsController could not be found.
Exception Attributes: array (
  'class' => 'JsController',
  'plugin' => NULL,
)
Request URL: /js/vendor/modernizr-2.6.2.min.js
Stack Trace:
#0 /Users/asmt3/Sites/clients/hunstantontown/explorehunstanton/app/webroot/index.php(108): Dispatcher->dispatch(Object(CakeRequest), Object(CakeResponse))
#1 {main}
2014-06-02 15:08:48 Error: [MissingControllerException] Controller class JsController could not be found.
Exception Attributes: array (
  'class' => 'JsController',
  'plugin' => NULL,
)
Request URL: /js/plugins.js
Stack Trace:
#0 /Users/asmt3/Sites/clients/hunstantontown/explorehunstanton/app/webroot/index.php(108): Dispatcher->dispatch(Object(CakeRequest), Object(CakeResponse))
#1 {main}
2014-06-02 15:12:36 Error: [MissingControllerException] Controller class JsController could not be found.
Exception Attributes: array (
  'class' => 'JsController',
  'plugin' => NULL,
)
Request URL: /js/vendor/modernizr-2.6.2.min.js
Stack Trace:
#0 /Users/asmt3/Sites/clients/hunstantontown/explorehunstanton/app/webroot/index.php(108): Dispatcher->dispatch(Object(CakeRequest), Object(CakeResponse))
#1 {main}
2014-06-02 15:12:36 Error: [MissingControllerException] Controller class JsController could not be found.
Exception Attributes: array (
  'class' => 'JsController',
  'plugin' => NULL,
)
Request URL: /js/main.js
Stack Trace:
#0 /Users/asmt3/Sites/clients/hunstantontown/explorehunstanton/app/webroot/index.php(108): Dispatcher->dispatch(Object(CakeRequest), Object(CakeResponse))
#1 {main}
2014-06-02 15:12:36 Error: [MissingControllerException] Controller class JsController could not be found.
Exception Attributes: array (
  'class' => 'JsController',
  'plugin' => NULL,
)
Request URL: /js/plugins.js
Stack Trace:
#0 /Users/asmt3/Sites/clients/hunstantontown/explorehunstanton/app/webroot/index.php(108): Dispatcher->dispatch(Object(CakeRequest), Object(CakeResponse))
#1 {main}
2014-06-02 15:12:36 Error: [MissingControllerException] Controller class ImgController could not be found.
Exception Attributes: array (
  'class' => 'ImgController',
  'plugin' => NULL,
)
Request URL: /img/.jpg
Stack Trace:
#0 /Users/asmt3/Sites/clients/hunstantontown/explorehunstanton/app/webroot/index.php(108): Dispatcher->dispatch(Object(CakeRequest), Object(CakeResponse))
#1 {main}
2014-06-02 15:21:00 Error: Fatal Error (4): parse error in [/Users/asmt3/Sites/clients/hunstantontown/explorehunstanton/app/View/Home/home.ctp, line 8]
2014-06-02 15:21:00 Error: [FatalErrorException] parse error
Request URL: /
Stack Trace:
#0 /Users/asmt3/Sites/clients/hunstantontown/explorehunstanton/lib/Cake/Error/ErrorHandler.php(203): ErrorHandler::handleFatalError(4, 'parse error', '/Users/asmt3/Si...', 8)
#1 [internal function]: ErrorHandler::handleError(4, 'parse error', '/Users/asmt3/Si...', 8, Array)
#2 /Users/asmt3/Sites/clients/hunstantontown/explorehunstanton/lib/Cake/Core/App.php(929): call_user_func('ErrorHandler::h...', 4, 'parse error', '/Users/asmt3/Si...', 8, Array)
#3 /Users/asmt3/Sites/clients/hunstantontown/explorehunstanton/lib/Cake/Core/App.php(902): App::_checkFatalError()
#4 [internal function]: App::shutdown()
#5 {main}
2014-06-02 15:21:03 Error: Fatal Error (4): parse error in [/Users/asmt3/Sites/clients/hunstantontown/explorehunstanton/app/View/Home/home.ctp, line 8]
2014-06-02 15:21:03 Error: [FatalErrorException] parse error
Request URL: /
Stack Trace:
#0 /Users/asmt3/Sites/clients/hunstantontown/explorehunstanton/lib/Cake/Error/ErrorHandler.php(203): ErrorHandler::handleFatalError(4, 'parse error', '/Users/asmt3/Si...', 8)
#1 [internal function]: ErrorHandler::handleError(4, 'parse error', '/Users/asmt3/Si...', 8, Array)
#2 /Users/asmt3/Sites/clients/hunstantontown/explorehunstanton/lib/Cake/Core/App.php(929): call_user_func('ErrorHandler::h...', 4, 'parse error', '/Users/asmt3/Si...', 8, Array)
#3 /Users/asmt3/Sites/clients/hunstantontown/explorehunstanton/lib/Cake/Core/App.php(902): App::_checkFatalError()
#4 [internal function]: App::shutdown()
#5 {main}
2014-06-02 15:21:04 Error: Fatal Error (4): parse error in [/Users/asmt3/Sites/clients/hunstantontown/explorehunstanton/app/View/Home/home.ctp, line 8]
2014-06-02 15:21:04 Error: [FatalErrorException] parse error
Request URL: /
Stack Trace:
#0 /Users/asmt3/Sites/clients/hunstantontown/explorehunstanton/lib/Cake/Error/ErrorHandler.php(203): ErrorHandler::handleFatalError(4, 'parse error', '/Users/asmt3/Si...', 8)
#1 [internal function]: ErrorHandler::handleError(4, 'parse error', '/Users/asmt3/Si...', 8, Array)
#2 /Users/asmt3/Sites/clients/hunstantontown/explorehunstanton/lib/Cake/Core/App.php(929): call_user_func('ErrorHandler::h...', 4, 'parse error', '/Users/asmt3/Si...', 8, Array)
#3 /Users/asmt3/Sites/clients/hunstantontown/explorehunstanton/lib/Cake/Core/App.php(902): App::_checkFatalError()
#4 [internal function]: App::shutdown()
#5 {main}
2014-06-02 15:21:04 Error: Fatal Error (4): parse error in [/Users/asmt3/Sites/clients/hunstantontown/explorehunstanton/app/View/Home/home.ctp, line 8]
2014-06-02 15:21:04 Error: [FatalErrorException] parse error
Request URL: /
Stack Trace:
#0 /Users/asmt3/Sites/clients/hunstantontown/explorehunstanton/lib/Cake/Error/ErrorHandler.php(203): ErrorHandler::handleFatalError(4, 'parse error', '/Users/asmt3/Si...', 8)
#1 [internal function]: ErrorHandler::handleError(4, 'parse error', '/Users/asmt3/Si...', 8, Array)
#2 /Users/asmt3/Sites/clients/hunstantontown/explorehunstanton/lib/Cake/Core/App.php(929): call_user_func('ErrorHandler::h...', 4, 'parse error', '/Users/asmt3/Si...', 8, Array)
#3 /Users/asmt3/Sites/clients/hunstantontown/explorehunstanton/lib/Cake/Core/App.php(902): App::_checkFatalError()
#4 [internal function]: App::shutdown()
#5 {main}
2014-06-02 15:21:08 Error: Fatal Error (4): parse error in [/Users/asmt3/Sites/clients/hunstantontown/explorehunstanton/app/View/Home/home.ctp, line 8]
2014-06-02 15:21:08 Error: [FatalErrorException] parse error
Request URL: /
Stack Trace:
#0 /Users/asmt3/Sites/clients/hunstantontown/explorehunstanton/lib/Cake/Error/ErrorHandler.php(203): ErrorHandler::handleFatalError(4, 'parse error', '/Users/asmt3/Si...', 8)
#1 [internal function]: ErrorHandler::handleError(4, 'parse error', '/Users/asmt3/Si...', 8, Array)
#2 /Users/asmt3/Sites/clients/hunstantontown/explorehunstanton/lib/Cake/Core/App.php(929): call_user_func('ErrorHandler::h...', 4, 'parse error', '/Users/asmt3/Si...', 8, Array)
#3 /Users/asmt3/Sites/clients/hunstantontown/explorehunstanton/lib/Cake/Core/App.php(902): App::_checkFatalError()
#4 [internal function]: App::shutdown()
#5 {main}
2014-06-02 15:21:08 Error: Fatal Error (4): parse error in [/Users/asmt3/Sites/clients/hunstantontown/explorehunstanton/app/View/Home/home.ctp, line 8]
2014-06-02 15:21:08 Error: [FatalErrorException] parse error
Request URL: /
Stack Trace:
#0 /Users/asmt3/Sites/clients/hunstantontown/explorehunstanton/lib/Cake/Error/ErrorHandler.php(203): ErrorHandler::handleFatalError(4, 'parse error', '/Users/asmt3/Si...', 8)
#1 [internal function]: ErrorHandler::handleError(4, 'parse error', '/Users/asmt3/Si...', 8, Array)
#2 /Users/asmt3/Sites/clients/hunstantontown/explorehunstanton/lib/Cake/Core/App.php(929): call_user_func('ErrorHandler::h...', 4, 'parse error', '/Users/asmt3/Si...', 8, Array)
#3 /Users/asmt3/Sites/clients/hunstantontown/explorehunstanton/lib/Cake/Core/App.php(902): App::_checkFatalError()
#4 [internal function]: App::shutdown()
#5 {main}
2014-06-02 15:21:09 Error: Fatal Error (4): parse error in [/Users/asmt3/Sites/clients/hunstantontown/explorehunstanton/app/View/Home/home.ctp, line 8]
2014-06-02 15:21:09 Error: [FatalErrorException] parse error
Request URL: /
Stack Trace:
#0 /Users/asmt3/Sites/clients/hunstantontown/explorehunstanton/lib/Cake/Error/ErrorHandler.php(203): ErrorHandler::handleFatalError(4, 'parse error', '/Users/asmt3/Si...', 8)
#1 [internal function]: ErrorHandler::handleError(4, 'parse error', '/Users/asmt3/Si...', 8, Array)
#2 /Users/asmt3/Sites/clients/hunstantontown/explorehunstanton/lib/Cake/Core/App.php(929): call_user_func('ErrorHandler::h...', 4, 'parse error', '/Users/asmt3/Si...', 8, Array)
#3 /Users/asmt3/Sites/clients/hunstantontown/explorehunstanton/lib/Cake/Core/App.php(902): App::_checkFatalError()
#4 [internal function]: App::shutdown()
#5 {main}
2014-06-02 15:21:09 Error: Fatal Error (4): parse error in [/Users/asmt3/Sites/clients/hunstantontown/explorehunstanton/app/View/Home/home.ctp, line 8]
2014-06-02 15:21:09 Error: [FatalErrorException] parse error
Request URL: /
Stack Trace:
#0 /Users/asmt3/Sites/clients/hunstantontown/explorehunstanton/lib/Cake/Error/ErrorHandler.php(203): ErrorHandler::handleFatalError(4, 'parse error', '/Users/asmt3/Si...', 8)
#1 [internal function]: ErrorHandler::handleError(4, 'parse error', '/Users/asmt3/Si...', 8, Array)
#2 /Users/asmt3/Sites/clients/hunstantontown/explorehunstanton/lib/Cake/Core/App.php(929): call_user_func('ErrorHandler::h...', 4, 'parse error', '/Users/asmt3/Si...', 8, Array)
#3 /Users/asmt3/Sites/clients/hunstantontown/explorehunstanton/lib/Cake/Core/App.php(902): App::_checkFatalError()
#4 [internal function]: App::shutdown()
#5 {main}
2014-06-02 15:21:22 Error: [MissingControllerException] Controller class JsController could not be found.
Exception Attributes: array (
  'class' => 'JsController',
  'plugin' => NULL,
)
Request URL: /js/vendor/modernizr-2.6.2.min.js
Stack Trace:
#0 /Users/asmt3/Sites/clients/hunstantontown/explorehunstanton/app/webroot/index.php(108): Dispatcher->dispatch(Object(CakeRequest), Object(CakeResponse))
#1 {main}
2014-06-02 15:21:22 Error: [MissingControllerException] Controller class JsController could not be found.
Exception Attributes: array (
  'class' => 'JsController',
  'plugin' => NULL,
)
Request URL: /js/plugins.js
Stack Trace:
#0 /Users/asmt3/Sites/clients/hunstantontown/explorehunstanton/app/webroot/index.php(108): Dispatcher->dispatch(Object(CakeRequest), Object(CakeResponse))
#1 {main}
2014-06-02 15:21:22 Error: [MissingControllerException] Controller class JsController could not be found.
Exception Attributes: array (
  'class' => 'JsController',
  'plugin' => NULL,
)
Request URL: /js/main.js
Stack Trace:
#0 /Users/asmt3/Sites/clients/hunstantontown/explorehunstanton/app/webroot/index.php(108): Dispatcher->dispatch(Object(CakeRequest), Object(CakeResponse))
#1 {main}
2014-06-02 15:21:23 Error: [MissingControllerException] Controller class ImgController could not be found.
Exception Attributes: array (
  'class' => 'ImgController',
  'plugin' => NULL,
)
Request URL: /img/.jpg
Stack Trace:
#0 /Users/asmt3/Sites/clients/hunstantontown/explorehunstanton/app/webroot/index.php(108): Dispatcher->dispatch(Object(CakeRequest), Object(CakeResponse))
#1 {main}
2014-06-02 15:21:27 Error: [MissingControllerException] Controller class JsController could not be found.
Exception Attributes: array (
  'class' => 'JsController',
  'plugin' => NULL,
)
Request URL: /js/vendor/modernizr-2.6.2.min.js
Stack Trace:
#0 /Users/asmt3/Sites/clients/hunstantontown/explorehunstanton/app/webroot/index.php(108): Dispatcher->dispatch(Object(CakeRequest), Object(CakeResponse))
#1 {main}
2014-06-02 15:21:27 Error: [MissingControllerException] Controller class JsController could not be found.
Exception Attributes: array (
  'class' => 'JsController',
  'plugin' => NULL,
)
Request URL: /js/plugins.js
Stack Trace:
#0 /Users/asmt3/Sites/clients/hunstantontown/explorehunstanton/app/webroot/index.php(108): Dispatcher->dispatch(Object(CakeRequest), Object(CakeResponse))
#1 {main}
2014-06-02 15:21:27 Error: [MissingControllerException] Controller class JsController could not be found.
Exception Attributes: array (
  'class' => 'JsController',
  'plugin' => NULL,
)
Request URL: /js/main.js
Stack Trace:
#0 /Users/asmt3/Sites/clients/hunstantontown/explorehunstanton/app/webroot/index.php(108): Dispatcher->dispatch(Object(CakeRequest), Object(CakeResponse))
#1 {main}
2014-06-02 15:21:27 Error: [MissingControllerException] Controller class ImgController could not be found.
Exception Attributes: array (
  'class' => 'ImgController',
  'plugin' => NULL,
)
Request URL: /img/.jpg
Stack Trace:
#0 /Users/asmt3/Sites/clients/hunstantontown/explorehunstanton/app/webroot/index.php(108): Dispatcher->dispatch(Object(CakeRequest), Object(CakeResponse))
#1 {main}
2014-06-02 15:21:41 Error: [MissingControllerException] Controller class JsController could not be found.
Exception Attributes: array (
  'class' => 'JsController',
  'plugin' => NULL,
)
Request URL: /js/vendor/modernizr-2.6.2.min.js
Stack Trace:
#0 /Users/asmt3/Sites/clients/hunstantontown/explorehunstanton/app/webroot/index.php(108): Dispatcher->dispatch(Object(CakeRequest), Object(CakeResponse))
#1 {main}
2014-06-02 15:21:41 Error: [MissingControllerException] Controller class JsController could not be found.
Exception Attributes: array (
  'class' => 'JsController',
  'plugin' => NULL,
)
Request URL: /js/plugins.js
Stack Trace:
#0 /Users/asmt3/Sites/clients/hunstantontown/explorehunstanton/app/webroot/index.php(108): Dispatcher->dispatch(Object(CakeRequest), Object(CakeResponse))
#1 {main}
2014-06-02 15:21:41 Error: [MissingControllerException] Controller class JsController could not be found.
Exception Attributes: array (
  'class' => 'JsController',
  'plugin' => NULL,
)
Request URL: /js/main.js
Stack Trace:
#0 /Users/asmt3/Sites/clients/hunstantontown/explorehunstanton/app/webroot/index.php(108): Dispatcher->dispatch(Object(CakeRequest), Object(CakeResponse))
#1 {main}
2014-06-02 15:21:41 Error: [MissingControllerException] Controller class ImgController could not be found.
Exception Attributes: array (
  'class' => 'ImgController',
  'plugin' => NULL,
)
Request URL: /img/.jpg
Stack Trace:
#0 /Users/asmt3/Sites/clients/hunstantontown/explorehunstanton/app/webroot/index.php(108): Dispatcher->dispatch(Object(CakeRequest), Object(CakeResponse))
#1 {main}
2014-06-02 15:21:43 Error: [MissingControllerException] Controller class JsController could not be found.
Exception Attributes: array (
  'class' => 'JsController',
  'plugin' => NULL,
)
Request URL: /js/plugins.js
Stack Trace:
#0 /Users/asmt3/Sites/clients/hunstantontown/explorehunstanton/app/webroot/index.php(108): Dispatcher->dispatch(Object(CakeRequest), Object(CakeResponse))
#1 {main}
2014-06-02 15:21:43 Error: [MissingControllerException] Controller class JsController could not be found.
Exception Attributes: array (
  'class' => 'JsController',
  'plugin' => NULL,
)
Request URL: /js/vendor/modernizr-2.6.2.min.js
Stack Trace:
#0 /Users/asmt3/Sites/clients/hunstantontown/explorehunstanton/app/webroot/index.php(108): Dispatcher->dispatch(Object(CakeRequest), Object(CakeResponse))
#1 {main}
2014-06-02 15:21:43 Error: [MissingControllerException] Controller class JsController could not be found.
Exception Attributes: array (
  'class' => 'JsController',
  'plugin' => NULL,
)
Request URL: /js/main.js
Stack Trace:
#0 /Users/asmt3/Sites/clients/hunstantontown/explorehunstanton/app/webroot/index.php(108): Dispatcher->dispatch(Object(CakeRequest), Object(CakeResponse))
#1 {main}
2014-06-02 15:21:43 Error: [MissingControllerException] Controller class ImgController could not be found.
Exception Attributes: array (
  'class' => 'ImgController',
  'plugin' => NULL,
)
Request URL: /img/.jpg
Stack Trace:
#0 /Users/asmt3/Sites/clients/hunstantontown/explorehunstanton/app/webroot/index.php(108): Dispatcher->dispatch(Object(CakeRequest), Object(CakeResponse))
#1 {main}
2014-06-02 15:22:31 Error: [MissingControllerException] Controller class JsController could not be found.
Exception Attributes: array (
  'class' => 'JsController',
  'plugin' => NULL,
)
Request URL: /js/plugins.js
Stack Trace:
#0 /Users/asmt3/Sites/clients/hunstantontown/explorehunstanton/app/webroot/index.php(108): Dispatcher->dispatch(Object(CakeRequest), Object(CakeResponse))
#1 {main}
2014-06-02 15:22:31 Error: [MissingControllerException] Controller class JsController could not be found.
Exception Attributes: array (
  'class' => 'JsController',
  'plugin' => NULL,
)
Request URL: /js/main.js
Stack Trace:
#0 /Users/asmt3/Sites/clients/hunstantontown/explorehunstanton/app/webroot/index.php(108): Dispatcher->dispatch(Object(CakeRequest), Object(CakeResponse))
#1 {main}
2014-06-02 15:22:31 Error: [MissingControllerException] Controller class JsController could not be found.
Exception Attributes: array (
  'class' => 'JsController',
  'plugin' => NULL,
)
Request URL: /js/vendor/modernizr-2.6.2.min.js
Stack Trace:
#0 /Users/asmt3/Sites/clients/hunstantontown/explorehunstanton/app/webroot/index.php(108): Dispatcher->dispatch(Object(CakeRequest), Object(CakeResponse))
#1 {main}
2014-06-02 15:22:31 Error: [MissingControllerException] Controller class ImgController could not be found.
Exception Attributes: array (
  'class' => 'ImgController',
  'plugin' => NULL,
)
Request URL: /img/.jpg
Stack Trace:
#0 /Users/asmt3/Sites/clients/hunstantontown/explorehunstanton/app/webroot/index.php(108): Dispatcher->dispatch(Object(CakeRequest), Object(CakeResponse))
#1 {main}
2014-06-02 15:22:33 Error: [MissingControllerException] Controller class JsController could not be found.
Exception Attributes: array (
  'class' => 'JsController',
  'plugin' => NULL,
)
Request URL: /js/main.js
Stack Trace:
#0 /Users/asmt3/Sites/clients/hunstantontown/explorehunstanton/app/webroot/index.php(108): Dispatcher->dispatch(Object(CakeRequest), Object(CakeResponse))
#1 {main}
2014-06-02 15:22:33 Error: [MissingControllerException] Controller class JsController could not be found.
Exception Attributes: array (
  'class' => 'JsController',
  'plugin' => NULL,
)
Request URL: /js/plugins.js
Stack Trace:
#0 /Users/asmt3/Sites/clients/hunstantontown/explorehunstanton/app/webroot/index.php(108): Dispatcher->dispatch(Object(CakeRequest), Object(CakeResponse))
#1 {main}
2014-06-02 15:22:33 Error: [MissingControllerException] Controller class JsController could not be found.
Exception Attributes: array (
  'class' => 'JsController',
  'plugin' => NULL,
)
Request URL: /js/vendor/modernizr-2.6.2.min.js
Stack Trace:
#0 /Users/asmt3/Sites/clients/hunstantontown/explorehunstanton/app/webroot/index.php(108): Dispatcher->dispatch(Object(CakeRequest), Object(CakeResponse))
#1 {main}
2014-06-02 15:22:33 Error: [MissingControllerException] Controller class ImgController could not be found.
Exception Attributes: array (
  'class' => 'ImgController',
  'plugin' => NULL,
)
Request URL: /img/.jpg
Stack Trace:
#0 /Users/asmt3/Sites/clients/hunstantontown/explorehunstanton/app/webroot/index.php(108): Dispatcher->dispatch(Object(CakeRequest), Object(CakeResponse))
#1 {main}
2014-06-02 15:23:54 Error: [MissingControllerException] Controller class JsController could not be found.
Exception Attributes: array (
  'class' => 'JsController',
  'plugin' => NULL,
)
Request URL: /js/plugins.js
Stack Trace:
#0 /Users/asmt3/Sites/clients/hunstantontown/explorehunstanton/app/webroot/index.php(108): Dispatcher->dispatch(Object(CakeRequest), Object(CakeResponse))
#1 {main}
2014-06-02 15:23:54 Error: [MissingControllerException] Controller class JsController could not be found.
Exception Attributes: array (
  'class' => 'JsController',
  'plugin' => NULL,
)
Request URL: /js/vendor/modernizr-2.6.2.min.js
Stack Trace:
#0 /Users/asmt3/Sites/clients/hunstantontown/explorehunstanton/app/webroot/index.php(108): Dispatcher->dispatch(Object(CakeRequest), Object(CakeResponse))
#1 {main}
2014-06-02 15:23:54 Error: [MissingControllerException] Controller class JsController could not be found.
Exception Attributes: array (
  'class' => 'JsController',
  'plugin' => NULL,
)
Request URL: /js/main.js
Stack Trace:
#0 /Users/asmt3/Sites/clients/hunstantontown/explorehunstanton/app/webroot/index.php(108): Dispatcher->dispatch(Object(CakeRequest), Object(CakeResponse))
#1 {main}
2014-06-02 15:23:55 Error: [MissingControllerException] Controller class ImgController could not be found.
Exception Attributes: array (
  'class' => 'ImgController',
  'plugin' => NULL,
)
Request URL: /img/.jpg
Stack Trace:
#0 /Users/asmt3/Sites/clients/hunstantontown/explorehunstanton/app/webroot/index.php(108): Dispatcher->dispatch(Object(CakeRequest), Object(CakeResponse))
#1 {main}
2014-06-02 15:24:59 Error: [MissingControllerException] Controller class JsController could not be found.
Exception Attributes: array (
  'class' => 'JsController',
  'plugin' => NULL,
)
Request URL: /js/vendor/modernizr-2.6.2.min.js
Stack Trace:
#0 /Users/asmt3/Sites/clients/hunstantontown/explorehunstanton/app/webroot/index.php(108): Dispatcher->dispatch(Object(CakeRequest), Object(CakeResponse))
#1 {main}
2014-06-02 15:24:59 Error: [MissingControllerException] Controller class JsController could not be found.
Exception Attributes: array (
  'class' => 'JsController',
  'plugin' => NULL,
)
Request URL: /js/main.js
Stack Trace:
#0 /Users/asmt3/Sites/clients/hunstantontown/explorehunstanton/app/webroot/index.php(108): Dispatcher->dispatch(Object(CakeRequest), Object(CakeResponse))
#1 {main}
2014-06-02 15:24:59 Error: [MissingControllerException] Controller class JsController could not be found.
Exception Attributes: array (
  'class' => 'JsController',
  'plugin' => NULL,
)
Request URL: /js/plugins.js
Stack Trace:
#0 /Users/asmt3/Sites/clients/hunstantontown/explorehunstanton/app/webroot/index.php(108): Dispatcher->dispatch(Object(CakeRequest), Object(CakeResponse))
#1 {main}
2014-06-02 15:24:59 Error: [MissingControllerException] Controller class ImgController could not be found.
Exception Attributes: array (
  'class' => 'ImgController',
  'plugin' => NULL,
)
Request URL: /img/.jpg
Stack Trace:
#0 /Users/asmt3/Sites/clients/hunstantontown/explorehunstanton/app/webroot/index.php(108): Dispatcher->dispatch(Object(CakeRequest), Object(CakeResponse))
#1 {main}
2014-06-02 15:25:16 Error: [MissingControllerException] Controller class JsController could not be found.
Exception Attributes: array (
  'class' => 'JsController',
  'plugin' => NULL,
)
Request URL: /js/vendor/modernizr-2.6.2.min.js
Stack Trace:
#0 /Users/asmt3/Sites/clients/hunstantontown/explorehunstanton/app/webroot/index.php(108): Dispatcher->dispatch(Object(CakeRequest), Object(CakeResponse))
#1 {main}
2014-06-02 15:25:16 Error: [MissingControllerException] Controller class JsController could not be found.
Exception Attributes: array (
  'class' => 'JsController',
  'plugin' => NULL,
)
Request URL: /js/main.js
Stack Trace:
#0 /Users/asmt3/Sites/clients/hunstantontown/explorehunstanton/app/webroot/index.php(108): Dispatcher->dispatch(Object(CakeRequest), Object(CakeResponse))
#1 {main}
2014-06-02 15:25:16 Error: [MissingControllerException] Controller class JsController could not be found.
Exception Attributes: array (
  'class' => 'JsController',
  'plugin' => NULL,
)
Request URL: /js/plugins.js
Stack Trace:
#0 /Users/asmt3/Sites/clients/hunstantontown/explorehunstanton/app/webroot/index.php(108): Dispatcher->dispatch(Object(CakeRequest), Object(CakeResponse))
#1 {main}
2014-06-02 15:25:16 Error: [MissingControllerException] Controller class ImgController could not be found.
Exception Attributes: array (
  'class' => 'ImgController',
  'plugin' => NULL,
)
Request URL: /img/.jpg
Stack Trace:
#0 /Users/asmt3/Sites/clients/hunstantontown/explorehunstanton/app/webroot/index.php(108): Dispatcher->dispatch(Object(CakeRequest), Object(CakeResponse))
#1 {main}
2014-06-02 15:25:17 Error: [MissingControllerException] Controller class JsController could not be found.
Exception Attributes: array (
  'class' => 'JsController',
  'plugin' => NULL,
)
Request URL: /js/plugins.js
Stack Trace:
#0 /Users/asmt3/Sites/clients/hunstantontown/explorehunstanton/app/webroot/index.php(108): Dispatcher->dispatch(Object(CakeRequest), Object(CakeResponse))
#1 {main}
2014-06-02 15:25:17 Error: [MissingControllerException] Controller class JsController could not be found.
Exception Attributes: array (
  'class' => 'JsController',
  'plugin' => NULL,
)
Request URL: /js/main.js
Stack Trace:
#0 /Users/asmt3/Sites/clients/hunstantontown/explorehunstanton/app/webroot/index.php(108): Dispatcher->dispatch(Object(CakeRequest), Object(CakeResponse))
#1 {main}
2014-06-02 15:25:17 Error: [MissingControllerException] Controller class JsController could not be found.
Exception Attributes: array (
  'class' => 'JsController',
  'plugin' => NULL,
)
Request URL: /js/vendor/modernizr-2.6.2.min.js
Stack Trace:
#0 /Users/asmt3/Sites/clients/hunstantontown/explorehunstanton/app/webroot/index.php(108): Dispatcher->dispatch(Object(CakeRequest), Object(CakeResponse))
#1 {main}
2014-06-02 15:25:17 Error: [MissingControllerException] Controller class ImgController could not be found.
Exception Attributes: array (
  'class' => 'ImgController',
  'plugin' => NULL,
)
Request URL: /img/.jpg
Stack Trace:
#0 /Users/asmt3/Sites/clients/hunstantontown/explorehunstanton/app/webroot/index.php(108): Dispatcher->dispatch(Object(CakeRequest), Object(CakeResponse))
#1 {main}
2014-06-02 15:25:17 Error: [MissingControllerException] Controller class JsController could not be found.
Exception Attributes: array (
  'class' => 'JsController',
  'plugin' => NULL,
)
Request URL: /js/plugins.js
Stack Trace:
#0 /Users/asmt3/Sites/clients/hunstantontown/explorehunstanton/app/webroot/index.php(108): Dispatcher->dispatch(Object(CakeRequest), Object(CakeResponse))
#1 {main}
2014-06-02 15:25:17 Error: [MissingControllerException] Controller class JsController could not be found.
Exception Attributes: array (
  'class' => 'JsController',
  'plugin' => NULL,
)
Request URL: /js/vendor/modernizr-2.6.2.min.js
Stack Trace:
#0 /Users/asmt3/Sites/clients/hunstantontown/explorehunstanton/app/webroot/index.php(108): Dispatcher->dispatch(Object(CakeRequest), Object(CakeResponse))
#1 {main}
2014-06-02 15:25:17 Error: [MissingControllerException] Controller class JsController could not be found.
Exception Attributes: array (
  'class' => 'JsController',
  'plugin' => NULL,
)
Request URL: /js/main.js
Stack Trace:
#0 /Users/asmt3/Sites/clients/hunstantontown/explorehunstanton/app/webroot/index.php(108): Dispatcher->dispatch(Object(CakeRequest), Object(CakeResponse))
#1 {main}
2014-06-02 15:25:18 Error: [MissingControllerException] Controller class ImgController could not be found.
Exception Attributes: array (
  'class' => 'ImgController',
  'plugin' => NULL,
)
Request URL: /img/.jpg
Stack Trace:
#0 /Users/asmt3/Sites/clients/hunstantontown/explorehunstanton/app/webroot/index.php(108): Dispatcher->dispatch(Object(CakeRequest), Object(CakeResponse))
#1 {main}
2014-06-02 15:28:54 Error: [MissingControllerException] Controller class JsController could not be found.
Exception Attributes: array (
  'class' => 'JsController',
  'plugin' => NULL,
)
Request URL: /js/plugins.js
Stack Trace:
#0 /Users/asmt3/Sites/clients/hunstantontown/explorehunstanton/app/webroot/index.php(108): Dispatcher->dispatch(Object(CakeRequest), Object(CakeResponse))
#1 {main}
2014-06-02 15:28:54 Error: [MissingControllerException] Controller class JsController could not be found.
Exception Attributes: array (
  'class' => 'JsController',
  'plugin' => NULL,
)
Request URL: /js/vendor/modernizr-2.6.2.min.js
Stack Trace:
#0 /Users/asmt3/Sites/clients/hunstantontown/explorehunstanton/app/webroot/index.php(108): Dispatcher->dispatch(Object(CakeRequest), Object(CakeResponse))
#1 {main}
2014-06-02 15:28:54 Error: [MissingControllerException] Controller class JsController could not be found.
Exception Attributes: array (
  'class' => 'JsController',
  'plugin' => NULL,
)
Request URL: /js/main.js
Stack Trace:
#0 /Users/asmt3/Sites/clients/hunstantontown/explorehunstanton/app/webroot/index.php(108): Dispatcher->dispatch(Object(CakeRequest), Object(CakeResponse))
#1 {main}
2014-06-02 15:28:56 Error: [MissingControllerException] Controller class JsController could not be found.
Exception Attributes: array (
  'class' => 'JsController',
  'plugin' => NULL,
)
Request URL: /js/plugins.js
Stack Trace:
#0 /Users/asmt3/Sites/clients/hunstantontown/explorehunstanton/app/webroot/index.php(108): Dispatcher->dispatch(Object(CakeRequest), Object(CakeResponse))
#1 {main}
2014-06-02 15:28:56 Error: [MissingControllerException] Controller class JsController could not be found.
Exception Attributes: array (
  'class' => 'JsController',
  'plugin' => NULL,
)
Request URL: /js/vendor/modernizr-2.6.2.min.js
Stack Trace:
#0 /Users/asmt3/Sites/clients/hunstantontown/explorehunstanton/app/webroot/index.php(108): Dispatcher->dispatch(Object(CakeRequest), Object(CakeResponse))
#1 {main}
2014-06-02 15:28:56 Error: [MissingControllerException] Controller class JsController could not be found.
Exception Attributes: array (
  'class' => 'JsController',
  'plugin' => NULL,
)
Request URL: /js/main.js
Stack Trace:
#0 /Users/asmt3/Sites/clients/hunstantontown/explorehunstanton/app/webroot/index.php(108): Dispatcher->dispatch(Object(CakeRequest), Object(CakeResponse))
#1 {main}
2014-06-02 15:28:57 Error: [MissingControllerException] Controller class JsController could not be found.
Exception Attributes: array (
  'class' => 'JsController',
  'plugin' => NULL,
)
Request URL: /js/vendor/modernizr-2.6.2.min.js
Stack Trace:
#0 /Users/asmt3/Sites/clients/hunstantontown/explorehunstanton/app/webroot/index.php(108): Dispatcher->dispatch(Object(CakeRequest), Object(CakeResponse))
#1 {main}
2014-06-02 15:28:57 Error: [MissingControllerException] Controller class JsController could not be found.
Exception Attributes: array (
  'class' => 'JsController',
  'plugin' => NULL,
)
Request URL: /js/plugins.js
Stack Trace:
#0 /Users/asmt3/Sites/clients/hunstantontown/explorehunstanton/app/webroot/index.php(108): Dispatcher->dispatch(Object(CakeRequest), Object(CakeResponse))
#1 {main}
2014-06-02 15:28:57 Error: [MissingControllerException] Controller class JsController could not be found.
Exception Attributes: array (
  'class' => 'JsController',
  'plugin' => NULL,
)
Request URL: /js/main.js
Stack Trace:
#0 /Users/asmt3/Sites/clients/hunstantontown/explorehunstanton/app/webroot/index.php(108): Dispatcher->dispatch(Object(CakeRequest), Object(CakeResponse))
#1 {main}
2014-06-02 15:28:58 Error: [MissingControllerException] Controller class JsController could not be found.
Exception Attributes: array (
  'class' => 'JsController',
  'plugin' => NULL,
)
Request URL: /js/vendor/modernizr-2.6.2.min.js
Stack Trace:
#0 /Users/asmt3/Sites/clients/hunstantontown/explorehunstanton/app/webroot/index.php(108): Dispatcher->dispatch(Object(CakeRequest), Object(CakeResponse))
#1 {main}
2014-06-02 15:28:58 Error: [MissingControllerException] Controller class JsController could not be found.
Exception Attributes: array (
  'class' => 'JsController',
  'plugin' => NULL,
)
Request URL: /js/plugins.js
Stack Trace:
#0 /Users/asmt3/Sites/clients/hunstantontown/explorehunstanton/app/webroot/index.php(108): Dispatcher->dispatch(Object(CakeRequest), Object(CakeResponse))
#1 {main}
2014-06-02 15:28:58 Error: [MissingControllerException] Controller class JsController could not be found.
Exception Attributes: array (
  'class' => 'JsController',
  'plugin' => NULL,
)
Request URL: /js/main.js
Stack Trace:
#0 /Users/asmt3/Sites/clients/hunstantontown/explorehunstanton/app/webroot/index.php(108): Dispatcher->dispatch(Object(CakeRequest), Object(CakeResponse))
#1 {main}
2014-06-02 15:29:42 Error: [MissingControllerException] Controller class JsController could not be found.
Exception Attributes: array (
  'class' => 'JsController',
  'plugin' => NULL,
)
Request URL: /js/plugins.js
Stack Trace:
#0 /Users/asmt3/Sites/clients/hunstantontown/explorehunstanton/app/webroot/index.php(108): Dispatcher->dispatch(Object(CakeRequest), Object(CakeResponse))
#1 {main}
2014-06-02 15:29:43 Error: [MissingControllerException] Controller class JsController could not be found.
Exception Attributes: array (
  'class' => 'JsController',
  'plugin' => NULL,
)
Request URL: /js/vendor/modernizr-2.6.2.min.js
Stack Trace:
#0 /Users/asmt3/Sites/clients/hunstantontown/explorehunstanton/app/webroot/index.php(108): Dispatcher->dispatch(Object(CakeRequest), Object(CakeResponse))
#1 {main}
2014-06-02 15:29:43 Error: [MissingControllerException] Controller class JsController could not be found.
Exception Attributes: array (
  'class' => 'JsController',
  'plugin' => NULL,
)
Request URL: /js/main.js
Stack Trace:
#0 /Users/asmt3/Sites/clients/hunstantontown/explorehunstanton/app/webroot/index.php(108): Dispatcher->dispatch(Object(CakeRequest), Object(CakeResponse))
#1 {main}
2014-06-02 15:29:43 Error: [MissingControllerException] Controller class ImgController could not be found.
Exception Attributes: array (
  'class' => 'ImgController',
  'plugin' => NULL,
)
Request URL: /img/gatelodge.png
Stack Trace:
#0 /Users/asmt3/Sites/clients/hunstantontown/explorehunstanton/app/webroot/index.php(108): Dispatcher->dispatch(Object(CakeRequest), Object(CakeResponse))
#1 {main}
2014-06-02 15:29:44 Error: [MissingControllerException] Controller class JsController could not be found.
Exception Attributes: array (
  'class' => 'JsController',
  'plugin' => NULL,
)
Request URL: /js/plugins.js
Stack Trace:
#0 /Users/asmt3/Sites/clients/hunstantontown/explorehunstanton/app/webroot/index.php(108): Dispatcher->dispatch(Object(CakeRequest), Object(CakeResponse))
#1 {main}
2014-06-02 15:29:44 Error: [MissingControllerException] Controller class JsController could not be found.
Exception Attributes: array (
  'class' => 'JsController',
  'plugin' => NULL,
)
Request URL: /js/vendor/modernizr-2.6.2.min.js
Stack Trace:
#0 /Users/asmt3/Sites/clients/hunstantontown/explorehunstanton/app/webroot/index.php(108): Dispatcher->dispatch(Object(CakeRequest), Object(CakeResponse))
#1 {main}
2014-06-02 15:29:44 Error: [MissingControllerException] Controller class JsController could not be found.
Exception Attributes: array (
  'class' => 'JsController',
  'plugin' => NULL,
)
Request URL: /js/main.js
Stack Trace:
#0 /Users/asmt3/Sites/clients/hunstantontown/explorehunstanton/app/webroot/index.php(108): Dispatcher->dispatch(Object(CakeRequest), Object(CakeResponse))
#1 {main}
2014-06-02 15:29:45 Error: [MissingControllerException] Controller class JsController could not be found.
Exception Attributes: array (
  'class' => 'JsController',
  'plugin' => NULL,
)
Request URL: /js/vendor/modernizr-2.6.2.min.js
Stack Trace:
#0 /Users/asmt3/Sites/clients/hunstantontown/explorehunstanton/app/webroot/index.php(108): Dispatcher->dispatch(Object(CakeRequest), Object(CakeResponse))
#1 {main}
2014-06-02 15:29:45 Error: [MissingControllerException] Controller class JsController could not be found.
Exception Attributes: array (
  'class' => 'JsController',
  'plugin' => NULL,
)
Request URL: /js/plugins.js
Stack Trace:
#0 /Users/asmt3/Sites/clients/hunstantontown/explorehunstanton/app/webroot/index.php(108): Dispatcher->dispatch(Object(CakeRequest), Object(CakeResponse))
#1 {main}
2014-06-02 15:29:45 Error: [MissingControllerException] Controller class JsController could not be found.
Exception Attributes: array (
  'class' => 'JsController',
  'plugin' => NULL,
)
Request URL: /js/main.js
Stack Trace:
#0 /Users/asmt3/Sites/clients/hunstantontown/explorehunstanton/app/webroot/index.php(108): Dispatcher->dispatch(Object(CakeRequest), Object(CakeResponse))
#1 {main}
2014-06-02 15:29:46 Error: [MissingControllerException] Controller class JsController could not be found.
Exception Attributes: array (
  'class' => 'JsController',
  'plugin' => NULL,
)
Request URL: /js/plugins.js
Stack Trace:
#0 /Users/asmt3/Sites/clients/hunstantontown/explorehunstanton/app/webroot/index.php(108): Dispatcher->dispatch(Object(CakeRequest), Object(CakeResponse))
#1 {main}
2014-06-02 15:29:46 Error: [MissingControllerException] Controller class JsController could not be found.
Exception Attributes: array (
  'class' => 'JsController',
  'plugin' => NULL,
)
Request URL: /js/vendor/modernizr-2.6.2.min.js
Stack Trace:
#0 /Users/asmt3/Sites/clients/hunstantontown/explorehunstanton/app/webroot/index.php(108): Dispatcher->dispatch(Object(CakeRequest), Object(CakeResponse))
#1 {main}
2014-06-02 15:29:46 Error: [MissingControllerException] Controller class JsController could not be found.
Exception Attributes: array (
  'class' => 'JsController',
  'plugin' => NULL,
)
Request URL: /js/main.js
Stack Trace:
#0 /Users/asmt3/Sites/clients/hunstantontown/explorehunstanton/app/webroot/index.php(108): Dispatcher->dispatch(Object(CakeRequest), Object(CakeResponse))
#1 {main}
2014-06-02 15:29:46 Error: [MissingControllerException] Controller class ImgController could not be found.
Exception Attributes: array (
  'class' => 'ImgController',
  'plugin' => NULL,
)
Request URL: /img/gatelodge.png
Stack Trace:
#0 /Users/asmt3/Sites/clients/hunstantontown/explorehunstanton/app/webroot/index.php(108): Dispatcher->dispatch(Object(CakeRequest), Object(CakeResponse))
#1 {main}
2014-06-02 15:29:47 Error: [MissingControllerException] Controller class JsController could not be found.
Exception Attributes: array (
  'class' => 'JsController',
  'plugin' => NULL,
)
Request URL: /js/vendor/modernizr-2.6.2.min.js
Stack Trace:
#0 /Users/asmt3/Sites/clients/hunstantontown/explorehunstanton/app/webroot/index.php(108): Dispatcher->dispatch(Object(CakeRequest), Object(CakeResponse))
#1 {main}
2014-06-02 15:29:47 Error: [MissingControllerException] Controller class JsController could not be found.
Exception Attributes: array (
  'class' => 'JsController',
  'plugin' => NULL,
)
Request URL: /js/main.js
Stack Trace:
#0 /Users/asmt3/Sites/clients/hunstantontown/explorehunstanton/app/webroot/index.php(108): Dispatcher->dispatch(Object(CakeRequest), Object(CakeResponse))
#1 {main}
2014-06-02 15:29:47 Error: [MissingControllerException] Controller class JsController could not be found.
Exception Attributes: array (
  'class' => 'JsController',
  'plugin' => NULL,
)
Request URL: /js/plugins.js
Stack Trace:
#0 /Users/asmt3/Sites/clients/hunstantontown/explorehunstanton/app/webroot/index.php(108): Dispatcher->dispatch(Object(CakeRequest), Object(CakeResponse))
#1 {main}
2014-06-02 15:29:48 Error: [MissingControllerException] Controller class JsController could not be found.
Exception Attributes: array (
  'class' => 'JsController',
  'plugin' => NULL,
)
Request URL: /js/vendor/modernizr-2.6.2.min.js
Stack Trace:
#0 /Users/asmt3/Sites/clients/hunstantontown/explorehunstanton/app/webroot/index.php(108): Dispatcher->dispatch(Object(CakeRequest), Object(CakeResponse))
#1 {main}
2014-06-02 15:29:48 Error: [MissingControllerException] Controller class JsController could not be found.
Exception Attributes: array (
  'class' => 'JsController',
  'plugin' => NULL,
)
Request URL: /js/plugins.js
Stack Trace:
#0 /Users/asmt3/Sites/clients/hunstantontown/explorehunstanton/app/webroot/index.php(108): Dispatcher->dispatch(Object(CakeRequest), Object(CakeResponse))
#1 {main}
2014-06-02 15:29:48 Error: [MissingControllerException] Controller class JsController could not be found.
Exception Attributes: array (
  'class' => 'JsController',
  'plugin' => NULL,
)
Request URL: /js/main.js
Stack Trace:
#0 /Users/asmt3/Sites/clients/hunstantontown/explorehunstanton/app/webroot/index.php(108): Dispatcher->dispatch(Object(CakeRequest), Object(CakeResponse))
#1 {main}
2014-06-02 15:29:49 Error: [MissingControllerException] Controller class JsController could not be found.
Exception Attributes: array (
  'class' => 'JsController',
  'plugin' => NULL,
)
Request URL: /js/vendor/modernizr-2.6.2.min.js
Stack Trace:
#0 /Users/asmt3/Sites/clients/hunstantontown/explorehunstanton/app/webroot/index.php(108): Dispatcher->dispatch(Object(CakeRequest), Object(CakeResponse))
#1 {main}
2014-06-02 15:29:49 Error: [MissingControllerException] Controller class JsController could not be found.
Exception Attributes: array (
  'class' => 'JsController',
  'plugin' => NULL,
)
Request URL: /js/main.js
Stack Trace:
#0 /Users/asmt3/Sites/clients/hunstantontown/explorehunstanton/app/webroot/index.php(108): Dispatcher->dispatch(Object(CakeRequest), Object(CakeResponse))
#1 {main}
2014-06-02 15:29:49 Error: [MissingControllerException] Controller class JsController could not be found.
Exception Attributes: array (
  'class' => 'JsController',
  'plugin' => NULL,
)
Request URL: /js/plugins.js
Stack Trace:
#0 /Users/asmt3/Sites/clients/hunstantontown/explorehunstanton/app/webroot/index.php(108): Dispatcher->dispatch(Object(CakeRequest), Object(CakeResponse))
#1 {main}
2014-06-02 15:29:49 Error: [MissingControllerException] Controller class ImgController could not be found.
Exception Attributes: array (
  'class' => 'ImgController',
  'plugin' => NULL,
)
Request URL: /img/gatelodge.png
Stack Trace:
#0 /Users/asmt3/Sites/clients/hunstantontown/explorehunstanton/app/webroot/index.php(108): Dispatcher->dispatch(Object(CakeRequest), Object(CakeResponse))
#1 {main}
2014-06-02 15:30:10 Error: [MissingControllerException] Controller class JsController could not be found.
Exception Attributes: array (
  'class' => 'JsController',
  'plugin' => NULL,
)
Request URL: /js/vendor/modernizr-2.6.2.min.js
Stack Trace:
#0 /Users/asmt3/Sites/clients/hunstantontown/explorehunstanton/app/webroot/index.php(108): Dispatcher->dispatch(Object(CakeRequest), Object(CakeResponse))
#1 {main}
2014-06-02 15:30:10 Error: [MissingControllerException] Controller class JsController could not be found.
Exception Attributes: array (
  'class' => 'JsController',
  'plugin' => NULL,
)
Request URL: /js/plugins.js
Stack Trace:
#0 /Users/asmt3/Sites/clients/hunstantontown/explorehunstanton/app/webroot/index.php(108): Dispatcher->dispatch(Object(CakeRequest), Object(CakeResponse))
#1 {main}
2014-06-02 15:30:10 Error: [MissingControllerException] Controller class JsController could not be found.
Exception Attributes: array (
  'class' => 'JsController',
  'plugin' => NULL,
)
Request URL: /js/main.js
Stack Trace:
#0 /Users/asmt3/Sites/clients/hunstantontown/explorehunstanton/app/webroot/index.php(108): Dispatcher->dispatch(Object(CakeRequest), Object(CakeResponse))
#1 {main}
2014-06-02 15:31:04 Error: [MissingControllerException] Controller class JsController could not be found.
Exception Attributes: array (
  'class' => 'JsController',
  'plugin' => NULL,
)
Request URL: /js/plugins.js
Stack Trace:
#0 /Users/asmt3/Sites/clients/hunstantontown/explorehunstanton/app/webroot/index.php(108): Dispatcher->dispatch(Object(CakeRequest), Object(CakeResponse))
#1 {main}
2014-06-02 15:31:04 Error: [MissingControllerException] Controller class JsController could not be found.
Exception Attributes: array (
  'class' => 'JsController',
  'plugin' => NULL,
)
Request URL: /js/vendor/modernizr-2.6.2.min.js
Stack Trace:
#0 /Users/asmt3/Sites/clients/hunstantontown/explorehunstanton/app/webroot/index.php(108): Dispatcher->dispatch(Object(CakeRequest), Object(CakeResponse))
#1 {main}
2014-06-02 15:31:04 Error: [MissingControllerException] Controller class JsController could not be found.
Exception Attributes: array (
  'class' => 'JsController',
  'plugin' => NULL,
)
Request URL: /js/main.js
Stack Trace:
#0 /Users/asmt3/Sites/clients/hunstantontown/explorehunstanton/app/webroot/index.php(108): Dispatcher->dispatch(Object(CakeRequest), Object(CakeResponse))
#1 {main}
2014-06-02 15:31:06 Error: [MissingControllerException] Controller class JsController could not be found.
Exception Attributes: array (
  'class' => 'JsController',
  'plugin' => NULL,
)
Request URL: /js/vendor/modernizr-2.6.2.min.js
Stack Trace:
#0 /Users/asmt3/Sites/clients/hunstantontown/explorehunstanton/app/webroot/index.php(108): Dispatcher->dispatch(Object(CakeRequest), Object(CakeResponse))
#1 {main}
2014-06-02 15:31:06 Error: [MissingControllerException] Controller class JsController could not be found.
Exception Attributes: array (
  'class' => 'JsController',
  'plugin' => NULL,
)
Request URL: /js/plugins.js
Stack Trace:
#0 /Users/asmt3/Sites/clients/hunstantontown/explorehunstanton/app/webroot/index.php(108): Dispatcher->dispatch(Object(CakeRequest), Object(CakeResponse))
#1 {main}
2014-06-02 15:31:06 Error: [MissingControllerException] Controller class JsController could not be found.
Exception Attributes: array (
  'class' => 'JsController',
  'plugin' => NULL,
)
Request URL: /js/main.js
Stack Trace:
#0 /Users/asmt3/Sites/clients/hunstantontown/explorehunstanton/app/webroot/index.php(108): Dispatcher->dispatch(Object(CakeRequest), Object(CakeResponse))
#1 {main}
2014-06-02 15:31:07 Error: [MissingControllerException] Controller class JsController could not be found.
Exception Attributes: array (
  'class' => 'JsController',
  'plugin' => NULL,
)
Request URL: /js/vendor/modernizr-2.6.2.min.js
Stack Trace:
#0 /Users/asmt3/Sites/clients/hunstantontown/explorehunstanton/app/webroot/index.php(108): Dispatcher->dispatch(Object(CakeRequest), Object(CakeResponse))
#1 {main}
2014-06-02 15:31:07 Error: [MissingControllerException] Controller class JsController could not be found.
Exception Attributes: array (
  'class' => 'JsController',
  'plugin' => NULL,
)
Request URL: /js/plugins.js
Stack Trace:
#0 /Users/asmt3/Sites/clients/hunstantontown/explorehunstanton/app/webroot/index.php(108): Dispatcher->dispatch(Object(CakeRequest), Object(CakeResponse))
#1 {main}
2014-06-02 15:31:07 Error: [MissingControllerException] Controller class JsController could not be found.
Exception Attributes: array (
  'class' => 'JsController',
  'plugin' => NULL,
)
Request URL: /js/main.js
Stack Trace:
#0 /Users/asmt3/Sites/clients/hunstantontown/explorehunstanton/app/webroot/index.php(108): Dispatcher->dispatch(Object(CakeRequest), Object(CakeResponse))
#1 {main}
2014-06-02 15:35:53 Error: [MissingControllerException] Controller class JsController could not be found.
Exception Attributes: array (
  'class' => 'JsController',
  'plugin' => NULL,
)
Request URL: /js/main.js
Stack Trace:
#0 /Users/asmt3/Sites/clients/hunstantontown/explorehunstanton/app/webroot/index.php(108): Dispatcher->dispatch(Object(CakeRequest), Object(CakeResponse))
#1 {main}
2014-06-02 15:35:53 Error: [MissingControllerException] Controller class JsController could not be found.
Exception Attributes: array (
  'class' => 'JsController',
  'plugin' => NULL,
)
Request URL: /js/vendor/modernizr-2.6.2.min.js
Stack Trace:
#0 /Users/asmt3/Sites/clients/hunstantontown/explorehunstanton/app/webroot/index.php(108): Dispatcher->dispatch(Object(CakeRequest), Object(CakeResponse))
#1 {main}
2014-06-02 15:35:53 Error: [MissingControllerException] Controller class JsController could not be found.
Exception Attributes: array (
  'class' => 'JsController',
  'plugin' => NULL,
)
Request URL: /js/plugins.js
Stack Trace:
#0 /Users/asmt3/Sites/clients/hunstantontown/explorehunstanton/app/webroot/index.php(108): Dispatcher->dispatch(Object(CakeRequest), Object(CakeResponse))
#1 {main}
2014-06-02 15:44:02 Error: Fatal Error (4): parse error, expecting `','' or `';'' in [/Users/asmt3/Sites/clients/hunstantontown/explorehunstanton/app/View/Home/home.ctp, line 38]
2014-06-02 15:44:02 Error: [FatalErrorException] parse error, expecting `','' or `';''
Request URL: /
Stack Trace:
#0 /Users/asmt3/Sites/clients/hunstantontown/explorehunstanton/lib/Cake/Error/ErrorHandler.php(203): ErrorHandler::handleFatalError(4, 'parse error, ex...', '/Users/asmt3/Si...', 38)
#1 [internal function]: ErrorHandler::handleError(4, 'parse error, ex...', '/Users/asmt3/Si...', 38, Array)
#2 /Users/asmt3/Sites/clients/hunstantontown/explorehunstanton/lib/Cake/Core/App.php(929): call_user_func('ErrorHandler::h...', 4, 'parse error, ex...', '/Users/asmt3/Si...', 38, Array)
#3 /Users/asmt3/Sites/clients/hunstantontown/explorehunstanton/lib/Cake/Core/App.php(902): App::_checkFatalError()
#4 [internal function]: App::shutdown()
#5 {main}
2014-06-02 15:44:02 Error: Fatal Error (4): parse error, expecting `','' or `';'' in [/Users/asmt3/Sites/clients/hunstantontown/explorehunstanton/app/View/Home/home.ctp, line 38]
2014-06-02 15:44:02 Error: [FatalErrorException] parse error, expecting `','' or `';''
Request URL: /
Stack Trace:
#0 /Users/asmt3/Sites/clients/hunstantontown/explorehunstanton/lib/Cake/Error/ErrorHandler.php(203): ErrorHandler::handleFatalError(4, 'parse error, ex...', '/Users/asmt3/Si...', 38)
#1 [internal function]: ErrorHandler::handleError(4, 'parse error, ex...', '/Users/asmt3/Si...', 38, Array)
#2 /Users/asmt3/Sites/clients/hunstantontown/explorehunstanton/lib/Cake/Core/App.php(929): call_user_func('ErrorHandler::h...', 4, 'parse error, ex...', '/Users/asmt3/Si...', 38, Array)
#3 /Users/asmt3/Sites/clients/hunstantontown/explorehunstanton/lib/Cake/Core/App.php(902): App::_checkFatalError()
#4 [internal function]: App::shutdown()
#5 {main}
2014-06-02 15:44:03 Error: Fatal Error (4): parse error, expecting `','' or `';'' in [/Users/asmt3/Sites/clients/hunstantontown/explorehunstanton/app/View/Home/home.ctp, line 38]
2014-06-02 15:44:03 Error: [FatalErrorException] parse error, expecting `','' or `';''
Request URL: /
Stack Trace:
#0 /Users/asmt3/Sites/clients/hunstantontown/explorehunstanton/lib/Cake/Error/ErrorHandler.php(203): ErrorHandler::handleFatalError(4, 'parse error, ex...', '/Users/asmt3/Si...', 38)
#1 [internal function]: ErrorHandler::handleError(4, 'parse error, ex...', '/Users/asmt3/Si...', 38, Array)
#2 /Users/asmt3/Sites/clients/hunstantontown/explorehunstanton/lib/Cake/Core/App.php(929): call_user_func('ErrorHandler::h...', 4, 'parse error, ex...', '/Users/asmt3/Si...', 38, Array)
#3 /Users/asmt3/Sites/clients/hunstantontown/explorehunstanton/lib/Cake/Core/App.php(902): App::_checkFatalError()
#4 [internal function]: App::shutdown()
#5 {main}
2014-06-02 15:44:04 Error: Fatal Error (4): parse error, expecting `','' or `';'' in [/Users/asmt3/Sites/clients/hunstantontown/explorehunstanton/app/View/Home/home.ctp, line 38]
2014-06-02 15:44:04 Error: [FatalErrorException] parse error, expecting `','' or `';''
Request URL: /
Stack Trace:
#0 /Users/asmt3/Sites/clients/hunstantontown/explorehunstanton/lib/Cake/Error/ErrorHandler.php(203): ErrorHandler::handleFatalError(4, 'parse error, ex...', '/Users/asmt3/Si...', 38)
#1 [internal function]: ErrorHandler::handleError(4, 'parse error, ex...', '/Users/asmt3/Si...', 38, Array)
#2 /Users/asmt3/Sites/clients/hunstantontown/explorehunstanton/lib/Cake/Core/App.php(929): call_user_func('ErrorHandler::h...', 4, 'parse error, ex...', '/Users/asmt3/Si...', 38, Array)
#3 /Users/asmt3/Sites/clients/hunstantontown/explorehunstanton/lib/Cake/Core/App.php(902): App::_checkFatalError()
#4 [internal function]: App::shutdown()
#5 {main}
2014-06-02 15:44:04 Error: Fatal Error (4): parse error, expecting `','' or `';'' in [/Users/asmt3/Sites/clients/hunstantontown/explorehunstanton/app/View/Home/home.ctp, line 38]
2014-06-02 15:44:04 Error: [FatalErrorException] parse error, expecting `','' or `';''
Request URL: /
Stack Trace:
#0 /Users/asmt3/Sites/clients/hunstantontown/explorehunstanton/lib/Cake/Error/ErrorHandler.php(203): ErrorHandler::handleFatalError(4, 'parse error, ex...', '/Users/asmt3/Si...', 38)
#1 [internal function]: ErrorHandler::handleError(4, 'parse error, ex...', '/Users/asmt3/Si...', 38, Array)
#2 /Users/asmt3/Sites/clients/hunstantontown/explorehunstanton/lib/Cake/Core/App.php(929): call_user_func('ErrorHandler::h...', 4, 'parse error, ex...', '/Users/asmt3/Si...', 38, Array)
#3 /Users/asmt3/Sites/clients/hunstantontown/explorehunstanton/lib/Cake/Core/App.php(902): App::_checkFatalError()
#4 [internal function]: App::shutdown()
#5 {main}
2014-06-02 15:44:35 Error: Fatal Error (4): parse error, expecting `','' or `';'' in [/Users/asmt3/Sites/clients/hunstantontown/explorehunstanton/app/View/Home/home.ctp, line 38]
2014-06-02 15:44:35 Error: [FatalErrorException] parse error, expecting `','' or `';''
Request URL: /
Stack Trace:
#0 /Users/asmt3/Sites/clients/hunstantontown/explorehunstanton/lib/Cake/Error/ErrorHandler.php(203): ErrorHandler::handleFatalError(4, 'parse error, ex...', '/Users/asmt3/Si...', 38)
#1 [internal function]: ErrorHandler::handleError(4, 'parse error, ex...', '/Users/asmt3/Si...', 38, Array)
#2 /Users/asmt3/Sites/clients/hunstantontown/explorehunstanton/lib/Cake/Core/App.php(929): call_user_func('ErrorHandler::h...', 4, 'parse error, ex...', '/Users/asmt3/Si...', 38, Array)
#3 /Users/asmt3/Sites/clients/hunstantontown/explorehunstanton/lib/Cake/Core/App.php(902): App::_checkFatalError()
#4 [internal function]: App::shutdown()
#5 {main}
2014-06-02 15:44:35 Error: Fatal Error (4): parse error, expecting `','' or `';'' in [/Users/asmt3/Sites/clients/hunstantontown/explorehunstanton/app/View/Home/home.ctp, line 38]
2014-06-02 15:44:35 Error: [FatalErrorException] parse error, expecting `','' or `';''
Request URL: /
Stack Trace:
#0 /Users/asmt3/Sites/clients/hunstantontown/explorehunstanton/lib/Cake/Error/ErrorHandler.php(203): ErrorHandler::handleFatalError(4, 'parse error, ex...', '/Users/asmt3/Si...', 38)
#1 [internal function]: ErrorHandler::handleError(4, 'parse error, ex...', '/Users/asmt3/Si...', 38, Array)
#2 /Users/asmt3/Sites/clients/hunstantontown/explorehunstanton/lib/Cake/Core/App.php(929): call_user_func('ErrorHandler::h...', 4, 'parse error, ex...', '/Users/asmt3/Si...', 38, Array)
#3 /Users/asmt3/Sites/clients/hunstantontown/explorehunstanton/lib/Cake/Core/App.php(902): App::_checkFatalError()
#4 [internal function]: App::shutdown()
#5 {main}
2014-06-02 15:44:36 Error: Fatal Error (4): parse error, expecting `','' or `';'' in [/Users/asmt3/Sites/clients/hunstantontown/explorehunstanton/app/View/Home/home.ctp, line 38]
2014-06-02 15:44:36 Error: [FatalErrorException] parse error, expecting `','' or `';''
Request URL: /
Stack Trace:
#0 /Users/asmt3/Sites/clients/hunstantontown/explorehunstanton/lib/Cake/Error/ErrorHandler.php(203): ErrorHandler::handleFatalError(4, 'parse error, ex...', '/Users/asmt3/Si...', 38)
#1 [internal function]: ErrorHandler::handleError(4, 'parse error, ex...', '/Users/asmt3/Si...', 38, Array)
#2 /Users/asmt3/Sites/clients/hunstantontown/explorehunstanton/lib/Cake/Core/App.php(929): call_user_func('ErrorHandler::h...', 4, 'parse error, ex...', '/Users/asmt3/Si...', 38, Array)
#3 /Users/asmt3/Sites/clients/hunstantontown/explorehunstanton/lib/Cake/Core/App.php(902): App::_checkFatalError()
#4 [internal function]: App::shutdown()
#5 {main}
2014-06-02 15:44:36 Error: Fatal Error (4): parse error, expecting `','' or `';'' in [/Users/asmt3/Sites/clients/hunstantontown/explorehunstanton/app/View/Home/home.ctp, line 38]
2014-06-02 15:44:36 Error: [FatalErrorException] parse error, expecting `','' or `';''
Request URL: /
Stack Trace:
#0 /Users/asmt3/Sites/clients/hunstantontown/explorehunstanton/lib/Cake/Error/ErrorHandler.php(203): ErrorHandler::handleFatalError(4, 'parse error, ex...', '/Users/asmt3/Si...', 38)
#1 [internal function]: ErrorHandler::handleError(4, 'parse error, ex...', '/Users/asmt3/Si...', 38, Array)
#2 /Users/asmt3/Sites/clients/hunstantontown/explorehunstanton/lib/Cake/Core/App.php(929): call_user_func('ErrorHandler::h...', 4, 'parse error, ex...', '/Users/asmt3/Si...', 38, Array)
#3 /Users/asmt3/Sites/clients/hunstantontown/explorehunstanton/lib/Cake/Core/App.php(902): App::_checkFatalError()
#4 [internal function]: App::shutdown()
#5 {main}
2014-06-02 15:45:06 Error: [MissingControllerException] Controller class JsController could not be found.
Exception Attributes: array (
  'class' => 'JsController',
  'plugin' => NULL,
)
Request URL: /js/plugins.js
Stack Trace:
#0 /Users/asmt3/Sites/clients/hunstantontown/explorehunstanton/app/webroot/index.php(108): Dispatcher->dispatch(Object(CakeRequest), Object(CakeResponse))
#1 {main}
2014-06-02 15:45:06 Error: [MissingControllerException] Controller class JsController could not be found.
Exception Attributes: array (
  'class' => 'JsController',
  'plugin' => NULL,
)
Request URL: /js/vendor/modernizr-2.6.2.min.js
Stack Trace:
#0 /Users/asmt3/Sites/clients/hunstantontown/explorehunstanton/app/webroot/index.php(108): Dispatcher->dispatch(Object(CakeRequest), Object(CakeResponse))
#1 {main}
2014-06-02 15:45:07 Error: [MissingControllerException] Controller class JsController could not be found.
Exception Attributes: array (
  'class' => 'JsController',
  'plugin' => NULL,
)
Request URL: /js/main.js
Stack Trace:
#0 /Users/asmt3/Sites/clients/hunstantontown/explorehunstanton/app/webroot/index.php(108): Dispatcher->dispatch(Object(CakeRequest), Object(CakeResponse))
#1 {main}
2014-06-02 15:45:16 Error: [MissingControllerException] Controller class JsController could not be found.
Exception Attributes: array (
  'class' => 'JsController',
  'plugin' => NULL,
)
Request URL: /js/main.js
Stack Trace:
#0 /Users/asmt3/Sites/clients/hunstantontown/explorehunstanton/app/webroot/index.php(108): Dispatcher->dispatch(Object(CakeRequest), Object(CakeResponse))
#1 {main}
2014-06-02 15:45:16 Error: [MissingControllerException] Controller class JsController could not be found.
Exception Attributes: array (
  'class' => 'JsController',
  'plugin' => NULL,
)
Request URL: /js/vendor/modernizr-2.6.2.min.js
Stack Trace:
#0 /Users/asmt3/Sites/clients/hunstantontown/explorehunstanton/app/webroot/index.php(108): Dispatcher->dispatch(Object(CakeRequest), Object(CakeResponse))
#1 {main}
2014-06-02 15:45:16 Error: [MissingControllerException] Controller class JsController could not be found.
Exception Attributes: array (
  'class' => 'JsController',
  'plugin' => NULL,
)
Request URL: /js/plugins.js
Stack Trace:
#0 /Users/asmt3/Sites/clients/hunstantontown/explorehunstanton/app/webroot/index.php(108): Dispatcher->dispatch(Object(CakeRequest), Object(CakeResponse))
#1 {main}
2014-06-02 15:45:56 Error: [MissingControllerException] Controller class JsController could not be found.
Exception Attributes: array (
  'class' => 'JsController',
  'plugin' => NULL,
)
Request URL: /js/plugins.js
Stack Trace:
#0 /Users/asmt3/Sites/clients/hunstantontown/explorehunstanton/app/webroot/index.php(108): Dispatcher->dispatch(Object(CakeRequest), Object(CakeResponse))
#1 {main}
2014-06-02 15:45:56 Error: [MissingControllerException] Controller class JsController could not be found.
Exception Attributes: array (
  'class' => 'JsController',
  'plugin' => NULL,
)
Request URL: /js/vendor/modernizr-2.6.2.min.js
Stack Trace:
#0 /Users/asmt3/Sites/clients/hunstantontown/explorehunstanton/app/webroot/index.php(108): Dispatcher->dispatch(Object(CakeRequest), Object(CakeResponse))
#1 {main}
2014-06-02 15:45:56 Error: [MissingControllerException] Controller class JsController could not be found.
Exception Attributes: array (
  'class' => 'JsController',
  'plugin' => NULL,
)
Request URL: /js/main.js
Stack Trace:
#0 /Users/asmt3/Sites/clients/hunstantontown/explorehunstanton/app/webroot/index.php(108): Dispatcher->dispatch(Object(CakeRequest), Object(CakeResponse))
#1 {main}
2014-06-02 15:46:56 Error: [MissingControllerException] Controller class JsController could not be found.
Exception Attributes: array (
  'class' => 'JsController',
  'plugin' => NULL,
)
Request URL: /js/vendor/modernizr-2.6.2.min.js
Stack Trace:
#0 /Users/asmt3/Sites/clients/hunstantontown/explorehunstanton/app/webroot/index.php(108): Dispatcher->dispatch(Object(CakeRequest), Object(CakeResponse))
#1 {main}
2014-06-02 15:46:56 Error: [MissingControllerException] Controller class JsController could not be found.
Exception Attributes: array (
  'class' => 'JsController',
  'plugin' => NULL,
)
Request URL: /js/main.js
Stack Trace:
#0 /Users/asmt3/Sites/clients/hunstantontown/explorehunstanton/app/webroot/index.php(108): Dispatcher->dispatch(Object(CakeRequest), Object(CakeResponse))
#1 {main}
2014-06-02 15:46:56 Error: [MissingControllerException] Controller class JsController could not be found.
Exception Attributes: array (
  'class' => 'JsController',
  'plugin' => NULL,
)
Request URL: /js/plugins.js
Stack Trace:
#0 /Users/asmt3/Sites/clients/hunstantontown/explorehunstanton/app/webroot/index.php(108): Dispatcher->dispatch(Object(CakeRequest), Object(CakeResponse))
#1 {main}
2014-06-02 15:46:57 Error: [MissingControllerException] Controller class JsController could not be found.
Exception Attributes: array (
  'class' => 'JsController',
  'plugin' => NULL,
)
Request URL: /js/main.js
Stack Trace:
#0 /Users/asmt3/Sites/clients/hunstantontown/explorehunstanton/app/webroot/index.php(108): Dispatcher->dispatch(Object(CakeRequest), Object(CakeResponse))
#1 {main}
2014-06-02 15:46:57 Error: [MissingControllerException] Controller class JsController could not be found.
Exception Attributes: array (
  'class' => 'JsController',
  'plugin' => NULL,
)
Request URL: /js/vendor/modernizr-2.6.2.min.js
Stack Trace:
#0 /Users/asmt3/Sites/clients/hunstantontown/explorehunstanton/app/webroot/index.php(108): Dispatcher->dispatch(Object(CakeRequest), Object(CakeResponse))
#1 {main}
2014-06-02 15:46:57 Error: [MissingControllerException] Controller class JsController could not be found.
Exception Attributes: array (
  'class' => 'JsController',
  'plugin' => NULL,
)
Request URL: /js/plugins.js
Stack Trace:
#0 /Users/asmt3/Sites/clients/hunstantontown/explorehunstanton/app/webroot/index.php(108): Dispatcher->dispatch(Object(CakeRequest), Object(CakeResponse))
#1 {main}
2014-06-02 15:49:14 Error: [MissingControllerException] Controller class JsController could not be found.
Exception Attributes: array (
  'class' => 'JsController',
  'plugin' => NULL,
)
Request URL: /js/vendor/modernizr-2.6.2.min.js
Stack Trace:
#0 /Users/asmt3/Sites/clients/hunstantontown/explorehunstanton/app/webroot/index.php(108): Dispatcher->dispatch(Object(CakeRequest), Object(CakeResponse))
#1 {main}
2014-06-02 15:49:14 Error: [MissingControllerException] Controller class JsController could not be found.
Exception Attributes: array (
  'class' => 'JsController',
  'plugin' => NULL,
)
Request URL: /js/plugins.js
Stack Trace:
#0 /Users/asmt3/Sites/clients/hunstantontown/explorehunstanton/app/webroot/index.php(108): Dispatcher->dispatch(Object(CakeRequest), Object(CakeResponse))
#1 {main}
2014-06-02 15:49:14 Error: [MissingControllerException] Controller class JsController could not be found.
Exception Attributes: array (
  'class' => 'JsController',
  'plugin' => NULL,
)
Request URL: /js/main.js
Stack Trace:
#0 /Users/asmt3/Sites/clients/hunstantontown/explorehunstanton/app/webroot/index.php(108): Dispatcher->dispatch(Object(CakeRequest), Object(CakeResponse))
#1 {main}
2014-06-02 15:49:24 Error: [MissingActionException] Action SponsorsController::1() could not be found.
Exception Attributes: array (
  'controller' => 'SponsorsController',
  'action' => '1',
)
Request URL: /sponsors/1
Stack Trace:
#0 /Users/asmt3/Sites/clients/hunstantontown/explorehunstanton/lib/Cake/Routing/Dispatcher.php(191): Controller->invokeAction(Object(CakeRequest))
#1 /Users/asmt3/Sites/clients/hunstantontown/explorehunstanton/lib/Cake/Routing/Dispatcher.php(165): Dispatcher->_invoke(Object(SponsorsController), Object(CakeRequest))
#2 /Users/asmt3/Sites/clients/hunstantontown/explorehunstanton/app/webroot/index.php(108): Dispatcher->dispatch(Object(CakeRequest), Object(CakeResponse))
#3 {main}
2014-06-02 15:49:29 Error: [PDOException] SQLSTATE[42000]: Syntax error or access violation: 1064 You have an error in your SQL syntax; check the manual that corresponds to your MySQL server version for the right syntax to use near 'getSponsorById' at line 1
Request URL: /sponsors/view/1
Stack Trace:
#0 /Users/asmt3/Sites/clients/hunstantontown/explorehunstanton/lib/Cake/Model/Datasource/DboSource.php(458): PDOStatement->execute(Array)
#1 /Users/asmt3/Sites/clients/hunstantontown/explorehunstanton/lib/Cake/Model/Datasource/DboSource.php(424): DboSource->_execute('getSponsorById', Array)
#2 /Users/asmt3/Sites/clients/hunstantontown/explorehunstanton/lib/Cake/Model/Datasource/DboSource.php(666): DboSource->execute('getSponsorById', Array, Array)
#3 /Users/asmt3/Sites/clients/hunstantontown/explorehunstanton/lib/Cake/Model/Datasource/DboSource.php(609): DboSource->fetchAll('getSponsorById', Array, Array)
#4 /Users/asmt3/Sites/clients/hunstantontown/explorehunstanton/lib/Cake/Model/Model.php(800): DboSource->query('getSponsorById', Array, Object(Sponsor))
#5 /Users/asmt3/Sites/clients/hunstantontown/explorehunstanton/app/Controller/SponsorsController.php(50): Model->__call('getSponsorById', Array)
#6 /Users/asmt3/Sites/clients/hunstantontown/explorehunstanton/app/Controller/SponsorsController.php(50): Sponsor->getSponsorById('1')
#7 [internal function]: SponsorsController->view('1')
#8 /Users/asmt3/Sites/clients/hunstantontown/explorehunstanton/lib/Cake/Controller/Controller.php(490): ReflectionMethod->invokeArgs(Object(SponsorsController), Array)
#9 /Users/asmt3/Sites/clients/hunstantontown/explorehunstanton/lib/Cake/Routing/Dispatcher.php(191): Controller->invokeAction(Object(CakeRequest))
#10 /Users/asmt3/Sites/clients/hunstantontown/explorehunstanton/lib/Cake/Routing/Dispatcher.php(165): Dispatcher->_invoke(Object(SponsorsController), Object(CakeRequest))
#11 /Users/asmt3/Sites/clients/hunstantontown/explorehunstanton/app/webroot/index.php(108): Dispatcher->dispatch(Object(CakeRequest), Object(CakeResponse))
#12 {main}
2014-06-02 15:49:52 Error: [PDOException] SQLSTATE[42000]: Syntax error or access violation: 1064 You have an error in your SQL syntax; check the manual that corresponds to your MySQL server version for the right syntax to use near 'getById' at line 1
Request URL: /sponsors/view/1
Stack Trace:
#0 /Users/asmt3/Sites/clients/hunstantontown/explorehunstanton/lib/Cake/Model/Datasource/DboSource.php(458): PDOStatement->execute(Array)
#1 /Users/asmt3/Sites/clients/hunstantontown/explorehunstanton/lib/Cake/Model/Datasource/DboSource.php(424): DboSource->_execute('getById', Array)
#2 /Users/asmt3/Sites/clients/hunstantontown/explorehunstanton/lib/Cake/Model/Datasource/DboSource.php(666): DboSource->execute('getById', Array, Array)
#3 /Users/asmt3/Sites/clients/hunstantontown/explorehunstanton/lib/Cake/Model/Datasource/DboSource.php(609): DboSource->fetchAll('getById', Array, Array)
#4 /Users/asmt3/Sites/clients/hunstantontown/explorehunstanton/lib/Cake/Model/Model.php(800): DboSource->query('getById', Array, Object(Sponsor))
#5 /Users/asmt3/Sites/clients/hunstantontown/explorehunstanton/app/Controller/SponsorsController.php(50): Model->__call('getById', Array)
#6 /Users/asmt3/Sites/clients/hunstantontown/explorehunstanton/app/Controller/SponsorsController.php(50): Sponsor->getById('1')
#7 [internal function]: SponsorsController->view('1')
#8 /Users/asmt3/Sites/clients/hunstantontown/explorehunstanton/lib/Cake/Controller/Controller.php(490): ReflectionMethod->invokeArgs(Object(SponsorsController), Array)
#9 /Users/asmt3/Sites/clients/hunstantontown/explorehunstanton/lib/Cake/Routing/Dispatcher.php(191): Controller->invokeAction(Object(CakeRequest))
#10 /Users/asmt3/Sites/clients/hunstantontown/explorehunstanton/lib/Cake/Routing/Dispatcher.php(165): Dispatcher->_invoke(Object(SponsorsController), Object(CakeRequest))
#11 /Users/asmt3/Sites/clients/hunstantontown/explorehunstanton/app/webroot/index.php(108): Dispatcher->dispatch(Object(CakeRequest), Object(CakeResponse))
#12 {main}
2014-06-02 15:51:28 Error: [MissingControllerException] Controller class JsController could not be found.
Exception Attributes: array (
  'class' => 'JsController',
  'plugin' => NULL,
)
Request URL: /js/vendor/modernizr-2.6.2.min.js
Stack Trace:
#0 /Users/asmt3/Sites/clients/hunstantontown/explorehunstanton/app/webroot/index.php(108): Dispatcher->dispatch(Object(CakeRequest), Object(CakeResponse))
#1 {main}
2014-06-02 15:51:35 Error: [MissingControllerException] Controller class JsController could not be found.
Exception Attributes: array (
  'class' => 'JsController',
  'plugin' => NULL,
)
Request URL: /js/vendor/modernizr-2.6.2.min.js
Stack Trace:
#0 /Users/asmt3/Sites/clients/hunstantontown/explorehunstanton/app/webroot/index.php(108): Dispatcher->dispatch(Object(CakeRequest), Object(CakeResponse))
#1 {main}
2014-06-02 15:51:35 Error: [MissingControllerException] Controller class JsController could not be found.
Exception Attributes: array (
  'class' => 'JsController',
  'plugin' => NULL,
)
Request URL: /js/plugins.js
Stack Trace:
#0 /Users/asmt3/Sites/clients/hunstantontown/explorehunstanton/app/webroot/index.php(108): Dispatcher->dispatch(Object(CakeRequest), Object(CakeResponse))
#1 {main}
2014-06-02 15:51:35 Error: [MissingControllerException] Controller class JsController could not be found.
Exception Attributes: array (
  'class' => 'JsController',
  'plugin' => NULL,
)
Request URL: /js/main.js
Stack Trace:
#0 /Users/asmt3/Sites/clients/hunstantontown/explorehunstanton/app/webroot/index.php(108): Dispatcher->dispatch(Object(CakeRequest), Object(CakeResponse))
#1 {main}
2014-06-02 15:51:49 Error: [MissingControllerException] Controller class JsController could not be found.
Exception Attributes: array (
  'class' => 'JsController',
  'plugin' => NULL,
)
Request URL: /js/vendor/modernizr-2.6.2.min.js
Stack Trace:
#0 /Users/asmt3/Sites/clients/hunstantontown/explorehunstanton/app/webroot/index.php(108): Dispatcher->dispatch(Object(CakeRequest), Object(CakeResponse))
#1 {main}
2014-06-02 16:04:59 Error: Fatal Error (4): parse error, expecting `')'' in [/Users/asmt3/Sites/clients/hunstantontown/explorehunstanton/app/Model/Event.php, line 31]
2014-06-02 16:04:59 Error: [FatalErrorException] parse error, expecting `')''
Request URL: /sponsors/view/3
Stack Trace:
#0 /Users/asmt3/Sites/clients/hunstantontown/explorehunstanton/lib/Cake/Error/ErrorHandler.php(203): ErrorHandler::handleFatalError(4, 'parse error, ex...', '/Users/asmt3/Si...', 31)
#1 [internal function]: ErrorHandler::handleError(4, 'parse error, ex...', '/Users/asmt3/Si...', 31, Array)
#2 /Users/asmt3/Sites/clients/hunstantontown/explorehunstanton/lib/Cake/Core/App.php(929): call_user_func('ErrorHandler::h...', 4, 'parse error, ex...', '/Users/asmt3/Si...', 31, Array)
#3 /Users/asmt3/Sites/clients/hunstantontown/explorehunstanton/lib/Cake/Core/App.php(902): App::_checkFatalError()
#4 [internal function]: App::shutdown()
#5 {main}
2014-06-02 16:05:04 Error: Fatal Error (4): parse error, expecting `')'' in [/Users/asmt3/Sites/clients/hunstantontown/explorehunstanton/app/Model/Event.php, line 31]
2014-06-02 16:05:04 Error: [FatalErrorException] parse error, expecting `')''
Request URL: /sponsors/view/3
Stack Trace:
#0 /Users/asmt3/Sites/clients/hunstantontown/explorehunstanton/lib/Cake/Error/ErrorHandler.php(203): ErrorHandler::handleFatalError(4, 'parse error, ex...', '/Users/asmt3/Si...', 31)
#1 [internal function]: ErrorHandler::handleError(4, 'parse error, ex...', '/Users/asmt3/Si...', 31, Array)
#2 /Users/asmt3/Sites/clients/hunstantontown/explorehunstanton/lib/Cake/Core/App.php(929): call_user_func('ErrorHandler::h...', 4, 'parse error, ex...', '/Users/asmt3/Si...', 31, Array)
#3 /Users/asmt3/Sites/clients/hunstantontown/explorehunstanton/lib/Cake/Core/App.php(902): App::_checkFatalError()
#4 [internal function]: App::shutdown()
#5 {main}
2014-06-02 17:35:12 Error: [MissingControllerException] Controller class ImgController could not be found.
Exception Attributes: array (
  'class' => 'ImgController',
  'plugin' => NULL,
)
Request URL: /img/background-large.png
Stack Trace:
#0 /Users/asmt3/Sites/clients/hunstantontown/explorehunstanton/app/webroot/index.php(108): Dispatcher->dispatch(Object(CakeRequest), Object(CakeResponse))
#1 {main}
2014-06-02 17:44:01 Error: [MissingViewException] View file "/Users/asmt3/Sites/clients/hunstantontown/explorehunstanton/app/View/Events/admin_index.ctp" is missing.
Exception Attributes: array (
  'file' => '/Users/asmt3/Sites/clients/hunstantontown/explorehunstanton/app/View/Events/admin_index.ctp',
)
Request URL: /admin/events
Stack Trace:
#0 /Users/asmt3/Sites/clients/hunstantontown/explorehunstanton/lib/Cake/View/View.php(468): View->_getViewFileName(NULL)
#1 /Users/asmt3/Sites/clients/hunstantontown/explorehunstanton/lib/Cake/Controller/Controller.php(954): View->render(NULL, NULL)
#2 /Users/asmt3/Sites/clients/hunstantontown/explorehunstanton/lib/Cake/Routing/Dispatcher.php(198): Controller->render()
#3 /Users/asmt3/Sites/clients/hunstantontown/explorehunstanton/lib/Cake/Routing/Dispatcher.php(165): Dispatcher->_invoke(Object(EventsController), Object(CakeRequest))
#4 /Users/asmt3/Sites/clients/hunstantontown/explorehunstanton/app/webroot/index.php(108): Dispatcher->dispatch(Object(CakeRequest), Object(CakeResponse))
#5 {main}
2014-06-02 17:44:32 Error: [MissingControllerException] Controller class ImgController could not be found.
Exception Attributes: array (
  'class' => 'ImgController',
  'plugin' => NULL,
)
Request URL: /img/cake.power.gif
Stack Trace:
#0 /Users/asmt3/Sites/clients/hunstantontown/explorehunstanton/app/webroot/index.php(108): Dispatcher->dispatch(Object(CakeRequest), Object(CakeResponse))
#1 {main}
2014-06-02 17:44:36 Error: [MissingControllerException] Controller class ImgController could not be found.
Exception Attributes: array (
  'class' => 'ImgController',
  'plugin' => NULL,
)
Request URL: /img/cake.power.gif
Stack Trace:
#0 /Users/asmt3/Sites/clients/hunstantontown/explorehunstanton/app/webroot/index.php(108): Dispatcher->dispatch(Object(CakeRequest), Object(CakeResponse))
#1 {main}
2014-06-02 17:45:23 Error: [MissingControllerException] Controller class ImgController could not be found.
Exception Attributes: array (
  'class' => 'ImgController',
  'plugin' => NULL,
)
Request URL: /img/cake.power.gif
Stack Trace:
#0 /Users/asmt3/Sites/clients/hunstantontown/explorehunstanton/app/webroot/index.php(108): Dispatcher->dispatch(Object(CakeRequest), Object(CakeResponse))
#1 {main}
2014-06-02 17:45:31 Error: [MissingControllerException] Controller class ImgController could not be found.
Exception Attributes: array (
  'class' => 'ImgController',
  'plugin' => NULL,
)
Request URL: /img/cake.power.gif
Stack Trace:
#0 /Users/asmt3/Sites/clients/hunstantontown/explorehunstanton/app/webroot/index.php(108): Dispatcher->dispatch(Object(CakeRequest), Object(CakeResponse))
#1 {main}
2014-06-02 17:45:38 Error: [MissingControllerException] Controller class ImgController could not be found.
Exception Attributes: array (
  'class' => 'ImgController',
  'plugin' => NULL,
)
Request URL: /img/cake.power.gif
Stack Trace:
#0 /Users/asmt3/Sites/clients/hunstantontown/explorehunstanton/app/webroot/index.php(108): Dispatcher->dispatch(Object(CakeRequest), Object(CakeResponse))
#1 {main}
